{"/Users/calirvine/playground/tenon-ts/src/DataLoader.ts": {"path":"/Users/calirvine/playground/tenon-ts/src/DataLoader.ts","all":false,"statementMap":{"1":{"start":{"line":2,"column":0},"end":{"line":2,"column":60}},"3":{"start":{"line":4,"column":0},"end":{"line":4,"column":40}},"4":{"start":{"line":5,"column":0},"end":{"line":5,"column":64}},"6":{"start":{"line":7,"column":0},"end":{"line":7,"column":58}},"7":{"start":{"line":8,"column":0},"end":{"line":8,"column":28}},"8":{"start":{"line":9,"column":0},"end":{"line":9,"column":54}},"10":{"start":{"line":11,"column":0},"end":{"line":11,"column":44}},"11":{"start":{"line":12,"column":0},"end":{"line":12,"column":31}},"12":{"start":{"line":13,"column":0},"end":{"line":13,"column":3}},"14":{"start":{"line":15,"column":0},"end":{"line":15,"column":37}},"15":{"start":{"line":16,"column":0},"end":{"line":16,"column":38}},"16":{"start":{"line":17,"column":0},"end":{"line":17,"column":30}},"17":{"start":{"line":18,"column":0},"end":{"line":18,"column":34}},"18":{"start":{"line":19,"column":0},"end":{"line":19,"column":5}},"19":{"start":{"line":20,"column":0},"end":{"line":20,"column":63}},"20":{"start":{"line":21,"column":0},"end":{"line":21,"column":23}},"21":{"start":{"line":22,"column":0},"end":{"line":22,"column":12}},"22":{"start":{"line":23,"column":0},"end":{"line":23,"column":30}},"23":{"start":{"line":24,"column":0},"end":{"line":24,"column":26}},"24":{"start":{"line":25,"column":0},"end":{"line":25,"column":10}},"25":{"start":{"line":26,"column":0},"end":{"line":26,"column":9}},"26":{"start":{"line":27,"column":0},"end":{"line":27,"column":28}},"27":{"start":{"line":28,"column":0},"end":{"line":28,"column":30}},"28":{"start":{"line":29,"column":0},"end":{"line":29,"column":51}},"29":{"start":{"line":30,"column":0},"end":{"line":30,"column":7}},"30":{"start":{"line":31,"column":0},"end":{"line":31,"column":7}},"31":{"start":{"line":32,"column":0},"end":{"line":32,"column":33}},"32":{"start":{"line":33,"column":0},"end":{"line":33,"column":19}},"33":{"start":{"line":34,"column":0},"end":{"line":34,"column":3}},"35":{"start":{"line":36,"column":0},"end":{"line":36,"column":46}},"36":{"start":{"line":37,"column":0},"end":{"line":37,"column":58}},"37":{"start":{"line":38,"column":0},"end":{"line":38,"column":3}},"39":{"start":{"line":40,"column":0},"end":{"line":40,"column":47}},"41":{"start":{"line":42,"column":0},"end":{"line":42,"column":27}},"42":{"start":{"line":43,"column":0},"end":{"line":43,"column":29}},"43":{"start":{"line":44,"column":0},"end":{"line":44,"column":20}},"44":{"start":{"line":45,"column":0},"end":{"line":45,"column":27}},"45":{"start":{"line":46,"column":0},"end":{"line":46,"column":35}},"46":{"start":{"line":47,"column":0},"end":{"line":47,"column":20}},"47":{"start":{"line":48,"column":0},"end":{"line":48,"column":39}},"48":{"start":{"line":49,"column":0},"end":{"line":49,"column":11}},"49":{"start":{"line":50,"column":0},"end":{"line":50,"column":18}},"50":{"start":{"line":51,"column":0},"end":{"line":51,"column":6}},"51":{"start":{"line":52,"column":0},"end":{"line":52,"column":3}},"56":{"start":{"line":57,"column":0},"end":{"line":57,"column":1}},"58":{"start":{"line":59,"column":0},"end":{"line":59,"column":56}},"59":{"start":{"line":60,"column":0},"end":{"line":60,"column":20}},"62":{"start":{"line":63,"column":0},"end":{"line":63,"column":3}},"63":{"start":{"line":64,"column":0},"end":{"line":64,"column":41}},"64":{"start":{"line":65,"column":0},"end":{"line":65,"column":77}},"65":{"start":{"line":66,"column":0},"end":{"line":66,"column":35}},"66":{"start":{"line":67,"column":0},"end":{"line":67,"column":5}},"67":{"start":{"line":68,"column":0},"end":{"line":68,"column":4}},"68":{"start":{"line":69,"column":0},"end":{"line":69,"column":1}}},"s":{"1":1,"3":1,"4":1,"6":1,"7":9,"8":9,"10":1,"11":13,"12":13,"14":1,"15":13,"16":13,"17":1,"18":1,"19":12,"20":12,"21":12,"22":12,"23":12,"24":12,"25":12,"26":12,"27":10,"28":10,"29":10,"30":12,"31":12,"32":12,"33":13,"35":1,"36":0,"37":0,"39":1,"41":10,"42":10,"43":10,"44":10,"45":10,"46":10,"47":10,"48":10,"49":10,"50":10,"51":10,"56":1,"58":1,"59":5,"62":5,"63":5,"64":5,"65":8,"66":8,"67":5,"68":5},"branchMap":{"0":{"type":"branch","line":5,"loc":{"start":{"line":5,"column":2},"end":{"line":5,"column":64}},"locations":[{"start":{"line":5,"column":2},"end":{"line":5,"column":64}}]},"1":{"type":"branch","line":7,"loc":{"start":{"line":7,"column":10},"end":{"line":9,"column":54}},"locations":[{"start":{"line":7,"column":10},"end":{"line":9,"column":54}}]},"2":{"type":"branch","line":11,"loc":{"start":{"line":11,"column":12},"end":{"line":13,"column":3}},"locations":[{"start":{"line":11,"column":12},"end":{"line":13,"column":3}}]},"3":{"type":"branch","line":15,"loc":{"start":{"line":15,"column":2},"end":{"line":34,"column":3}},"locations":[{"start":{"line":15,"column":2},"end":{"line":34,"column":3}}]},"4":{"type":"branch","line":17,"loc":{"start":{"line":17,"column":29},"end":{"line":19,"column":5}},"locations":[{"start":{"line":17,"column":29},"end":{"line":19,"column":5}}]},"5":{"type":"branch","line":19,"loc":{"start":{"line":19,"column":4},"end":{"line":33,"column":19}},"locations":[{"start":{"line":19,"column":4},"end":{"line":33,"column":19}}]},"6":{"type":"branch","line":20,"loc":{"start":{"line":20,"column":41},"end":{"line":31,"column":5}},"locations":[{"start":{"line":20,"column":41},"end":{"line":31,"column":5}}]},"7":{"type":"branch","line":27,"loc":{"start":{"line":27,"column":27},"end":{"line":30,"column":7}},"locations":[{"start":{"line":27,"column":27},"end":{"line":30,"column":7}}]},"8":{"type":"branch","line":23,"loc":{"start":{"line":23,"column":8},"end":{"line":25,"column":10}},"locations":[{"start":{"line":23,"column":8},"end":{"line":25,"column":10}}]},"9":{"type":"branch","line":29,"loc":{"start":{"line":29,"column":31},"end":{"line":29,"column":49}},"locations":[{"start":{"line":29,"column":31},"end":{"line":29,"column":49}}]},"10":{"type":"branch","line":40,"loc":{"start":{"line":40,"column":10},"end":{"line":52,"column":3}},"locations":[{"start":{"line":40,"column":10},"end":{"line":52,"column":3}}]},"11":{"type":"branch","line":47,"loc":{"start":{"line":47,"column":7},"end":{"line":49,"column":9}},"locations":[{"start":{"line":47,"column":7},"end":{"line":49,"column":9}}]},"12":{"type":"branch","line":59,"loc":{"start":{"line":59,"column":7},"end":{"line":69,"column":1}},"locations":[{"start":{"line":59,"column":7},"end":{"line":69,"column":1}}]},"13":{"type":"branch","line":65,"loc":{"start":{"line":65,"column":4},"end":{"line":67,"column":5}},"locations":[{"start":{"line":65,"column":4},"end":{"line":67,"column":5}}]}},"b":{"0":[9],"1":[9],"2":[13],"3":[13],"4":[1],"5":[12],"6":[12],"7":[10],"8":[12],"9":[10],"10":[10],"11":[10],"12":[5],"13":[8]},"fnMap":{"0":{"name":"DataLoader","decl":{"start":{"line":5,"column":2},"end":{"line":5,"column":64}},"loc":{"start":{"line":5,"column":2},"end":{"line":5,"column":64}},"line":5},"1":{"name":"<instance_members_initializer>","decl":{"start":{"line":7,"column":10},"end":{"line":9,"column":54}},"loc":{"start":{"line":7,"column":10},"end":{"line":9,"column":54}},"line":7},"2":{"name":"getCacheKey","decl":{"start":{"line":11,"column":12},"end":{"line":13,"column":3}},"loc":{"start":{"line":11,"column":12},"end":{"line":13,"column":3}},"line":11},"3":{"name":"load","decl":{"start":{"line":15,"column":2},"end":{"line":34,"column":3}},"loc":{"start":{"line":15,"column":2},"end":{"line":34,"column":3}},"line":15},"4":{"name":"loadMany","decl":{"start":{"line":36,"column":2},"end":{"line":38,"column":3}},"loc":{"start":{"line":36,"column":2},"end":{"line":38,"column":3}},"line":36},"5":{"name":"flush","decl":{"start":{"line":40,"column":10},"end":{"line":52,"column":3}},"loc":{"start":{"line":40,"column":10},"end":{"line":52,"column":3}},"line":40},"6":{"name":"createDataLoaderFromEvaluateBatch","decl":{"start":{"line":59,"column":7},"end":{"line":69,"column":1}},"loc":{"start":{"line":59,"column":7},"end":{"line":69,"column":1}},"line":59},"7":{"name":"processBatch","decl":{"start":{"line":65,"column":4},"end":{"line":67,"column":5}},"loc":{"start":{"line":65,"column":4},"end":{"line":67,"column":5}},"line":65}},"f":{"0":9,"1":9,"2":13,"3":13,"4":0,"5":10,"6":5,"7":8}}
,"/Users/calirvine/playground/tenon-ts/src/core.ts": {"path":"/Users/calirvine/playground/tenon-ts/src/core.ts","all":false,"statementMap":{"10":{"start":{"line":11,"column":0},"end":{"line":11,"column":46}},"11":{"start":{"line":12,"column":0},"end":{"line":12,"column":53}},"12":{"start":{"line":13,"column":0},"end":{"line":13,"column":51}},"13":{"start":{"line":14,"column":0},"end":{"line":14,"column":46}},"14":{"start":{"line":15,"column":0},"end":{"line":15,"column":48}},"25":{"start":{"line":26,"column":0},"end":{"line":26,"column":61}},"26":{"start":{"line":27,"column":0},"end":{"line":27,"column":18}},"27":{"start":{"line":28,"column":0},"end":{"line":28,"column":12}},"32":{"start":{"line":33,"column":0},"end":{"line":33,"column":3}},"42":{"start":{"line":43,"column":0},"end":{"line":43,"column":60}},"43":{"start":{"line":44,"column":0},"end":{"line":44,"column":16}},"46":{"start":{"line":47,"column":0},"end":{"line":47,"column":5}},"47":{"start":{"line":48,"column":0},"end":{"line":48,"column":56}},"48":{"start":{"line":49,"column":0},"end":{"line":49,"column":46}},"57":{"start":{"line":58,"column":0},"end":{"line":58,"column":57}},"58":{"start":{"line":59,"column":0},"end":{"line":59,"column":76}},"59":{"start":{"line":60,"column":0},"end":{"line":60,"column":53}},"60":{"start":{"line":61,"column":0},"end":{"line":61,"column":74}},"61":{"start":{"line":62,"column":0},"end":{"line":62,"column":59}},"62":{"start":{"line":63,"column":0},"end":{"line":63,"column":47}},"63":{"start":{"line":64,"column":0},"end":{"line":64,"column":51}},"64":{"start":{"line":65,"column":0},"end":{"line":65,"column":36}},"69":{"start":{"line":70,"column":0},"end":{"line":70,"column":11}},"70":{"start":{"line":71,"column":0},"end":{"line":71,"column":30}},"71":{"start":{"line":72,"column":0},"end":{"line":72,"column":34}},"72":{"start":{"line":73,"column":0},"end":{"line":73,"column":43}},"78":{"start":{"line":79,"column":0},"end":{"line":79,"column":17}},"79":{"start":{"line":80,"column":0},"end":{"line":80,"column":22}},"80":{"start":{"line":81,"column":0},"end":{"line":81,"column":20}},"81":{"start":{"line":82,"column":0},"end":{"line":82,"column":26}},"82":{"start":{"line":83,"column":0},"end":{"line":83,"column":19}},"83":{"start":{"line":84,"column":0},"end":{"line":84,"column":17}},"84":{"start":{"line":85,"column":0},"end":{"line":85,"column":17}},"85":{"start":{"line":86,"column":0},"end":{"line":86,"column":25}},"86":{"start":{"line":87,"column":0},"end":{"line":87,"column":10}},"87":{"start":{"line":88,"column":0},"end":{"line":88,"column":8}},"88":{"start":{"line":89,"column":0},"end":{"line":89,"column":21}},"89":{"start":{"line":90,"column":0},"end":{"line":90,"column":5}},"90":{"start":{"line":91,"column":0},"end":{"line":91,"column":24}},"91":{"start":{"line":92,"column":0},"end":{"line":92,"column":3}},"92":{"start":{"line":93,"column":0},"end":{"line":93,"column":22}},"93":{"start":{"line":94,"column":0},"end":{"line":94,"column":1}}},"s":{"10":1,"11":1,"12":1,"13":1,"14":1,"25":1,"26":21,"27":21,"32":21,"42":21,"43":21,"46":21,"47":21,"48":21,"57":21,"58":21,"59":21,"60":21,"61":21,"62":21,"63":21,"64":21,"69":21,"70":21,"71":21,"72":21,"78":21,"79":21,"80":21,"81":21,"82":21,"83":21,"84":21,"85":21,"86":21,"87":21,"88":21,"89":21,"90":21,"91":21,"92":21,"93":21},"branchMap":{"0":{"type":"branch","line":26,"loc":{"start":{"line":26,"column":7},"end":{"line":94,"column":1}},"locations":[{"start":{"line":26,"column":7},"end":{"line":94,"column":1}}]},"1":{"type":"branch","line":43,"loc":{"start":{"line":43,"column":2},"end":{"line":92,"column":3}},"locations":[{"start":{"line":43,"column":2},"end":{"line":92,"column":3}}]},"2":{"type":"branch","line":58,"loc":{"start":{"line":58,"column":4},"end":{"line":90,"column":5}},"locations":[{"start":{"line":58,"column":4},"end":{"line":90,"column":5}}]},"3":{"type":"branch","line":63,"loc":{"start":{"line":63,"column":21},"end":{"line":63,"column":39}},"locations":[{"start":{"line":63,"column":21},"end":{"line":63,"column":39}}]},"4":{"type":"branch","line":63,"loc":{"start":{"line":63,"column":29},"end":{"line":63,"column":47}},"locations":[{"start":{"line":63,"column":29},"end":{"line":63,"column":47}}]},"5":{"type":"branch","line":64,"loc":{"start":{"line":64,"column":35},"end":{"line":64,"column":49}},"locations":[{"start":{"line":64,"column":35},"end":{"line":64,"column":49}}]},"6":{"type":"branch","line":86,"loc":{"start":{"line":86,"column":10},"end":{"line":86,"column":25}},"locations":[{"start":{"line":86,"column":10},"end":{"line":86,"column":25}}]}},"b":{"0":[21],"1":[21],"2":[21],"3":[8],"4":[13],"5":[8],"6":[8]},"fnMap":{"0":{"name":"createSegmentBuilder","decl":{"start":{"line":26,"column":7},"end":{"line":94,"column":1}},"loc":{"start":{"line":26,"column":7},"end":{"line":94,"column":1}},"line":26},"1":{"name":"matchers","decl":{"start":{"line":43,"column":2},"end":{"line":92,"column":3}},"loc":{"start":{"line":43,"column":2},"end":{"line":92,"column":3}},"line":43},"2":{"name":"segments","decl":{"start":{"line":58,"column":4},"end":{"line":90,"column":5}},"loc":{"start":{"line":58,"column":4},"end":{"line":90,"column":5}},"line":58}},"f":{"0":21,"1":21,"2":21}}
,"/Users/calirvine/playground/tenon-ts/src/errors.ts": {"path":"/Users/calirvine/playground/tenon-ts/src/errors.ts","all":false,"statementMap":{"2":{"start":{"line":3,"column":0},"end":{"line":3,"column":49}},"3":{"start":{"line":4,"column":0},"end":{"line":4,"column":23}},"4":{"start":{"line":5,"column":0},"end":{"line":5,"column":23}},"5":{"start":{"line":6,"column":0},"end":{"line":6,"column":20}},"6":{"start":{"line":7,"column":0},"end":{"line":7,"column":27}},"7":{"start":{"line":8,"column":0},"end":{"line":8,"column":14}},"8":{"start":{"line":9,"column":0},"end":{"line":9,"column":20}},"9":{"start":{"line":10,"column":0},"end":{"line":10,"column":25}},"10":{"start":{"line":11,"column":0},"end":{"line":11,"column":25}},"11":{"start":{"line":12,"column":0},"end":{"line":12,"column":22}},"12":{"start":{"line":13,"column":0},"end":{"line":13,"column":19}},"13":{"start":{"line":14,"column":0},"end":{"line":14,"column":5}},"14":{"start":{"line":15,"column":0},"end":{"line":15,"column":19}},"15":{"start":{"line":16,"column":0},"end":{"line":16,"column":39}},"16":{"start":{"line":17,"column":0},"end":{"line":17,"column":35}},"17":{"start":{"line":18,"column":0},"end":{"line":18,"column":35}},"18":{"start":{"line":19,"column":0},"end":{"line":19,"column":27}},"19":{"start":{"line":20,"column":0},"end":{"line":20,"column":23}},"20":{"start":{"line":21,"column":0},"end":{"line":21,"column":3}},"21":{"start":{"line":22,"column":0},"end":{"line":22,"column":1}},"23":{"start":{"line":24,"column":0},"end":{"line":24,"column":51}},"24":{"start":{"line":25,"column":0},"end":{"line":25,"column":22}},"25":{"start":{"line":26,"column":0},"end":{"line":26,"column":22}},"26":{"start":{"line":27,"column":0},"end":{"line":27,"column":19}},"27":{"start":{"line":28,"column":0},"end":{"line":28,"column":16}},"28":{"start":{"line":29,"column":0},"end":{"line":29,"column":26}},"30":{"start":{"line":31,"column":0},"end":{"line":31,"column":14}},"31":{"start":{"line":32,"column":0},"end":{"line":32,"column":24}},"32":{"start":{"line":33,"column":0},"end":{"line":33,"column":24}},"33":{"start":{"line":34,"column":0},"end":{"line":34,"column":21}},"34":{"start":{"line":35,"column":0},"end":{"line":35,"column":18}},"35":{"start":{"line":36,"column":0},"end":{"line":36,"column":26}},"36":{"start":{"line":37,"column":0},"end":{"line":37,"column":5}},"37":{"start":{"line":38,"column":0},"end":{"line":38,"column":17}},"38":{"start":{"line":39,"column":0},"end":{"line":39,"column":36}},"39":{"start":{"line":40,"column":0},"end":{"line":40,"column":23}},"40":{"start":{"line":41,"column":0},"end":{"line":41,"column":43}},"41":{"start":{"line":42,"column":0},"end":{"line":42,"column":73}},"42":{"start":{"line":43,"column":0},"end":{"line":43,"column":12}},"43":{"start":{"line":44,"column":0},"end":{"line":44,"column":7}},"44":{"start":{"line":45,"column":0},"end":{"line":45,"column":41}},"45":{"start":{"line":46,"column":0},"end":{"line":46,"column":35}},"46":{"start":{"line":47,"column":0},"end":{"line":47,"column":35}},"47":{"start":{"line":48,"column":0},"end":{"line":48,"column":27}},"48":{"start":{"line":49,"column":0},"end":{"line":49,"column":21}},"49":{"start":{"line":50,"column":0},"end":{"line":50,"column":23}},"50":{"start":{"line":51,"column":0},"end":{"line":51,"column":3}},"51":{"start":{"line":52,"column":0},"end":{"line":52,"column":1}}},"s":{"2":1,"3":1,"4":2,"5":2,"6":2,"7":1,"8":2,"9":2,"10":2,"11":2,"12":2,"13":2,"14":2,"15":2,"16":2,"17":2,"18":2,"19":2,"20":2,"21":1,"23":1,"24":1,"25":7,"26":7,"27":7,"28":7,"30":1,"31":7,"32":7,"33":7,"34":7,"35":7,"36":7,"37":7,"38":7,"39":7,"40":0,"41":7,"42":7,"43":7,"44":7,"45":7,"46":7,"47":7,"48":7,"49":7,"50":7,"51":1},"branchMap":{"0":{"type":"branch","line":4,"loc":{"start":{"line":4,"column":2},"end":{"line":7,"column":27}},"locations":[{"start":{"line":4,"column":2},"end":{"line":7,"column":27}}]},"1":{"type":"branch","line":8,"loc":{"start":{"line":8,"column":2},"end":{"line":21,"column":3}},"locations":[{"start":{"line":8,"column":2},"end":{"line":21,"column":3}}]},"2":{"type":"branch","line":25,"loc":{"start":{"line":25,"column":2},"end":{"line":29,"column":26}},"locations":[{"start":{"line":25,"column":2},"end":{"line":29,"column":26}}]},"3":{"type":"branch","line":31,"loc":{"start":{"line":31,"column":2},"end":{"line":51,"column":3}},"locations":[{"start":{"line":31,"column":2},"end":{"line":51,"column":3}}]},"4":{"type":"branch","line":40,"loc":{"start":{"line":40,"column":10},"end":{"line":41,"column":43}},"locations":[{"start":{"line":40,"column":10},"end":{"line":41,"column":43}}]}},"b":{"0":[2],"1":[2],"2":[7],"3":[7],"4":[0]},"fnMap":{"0":{"name":"<instance_members_initializer>","decl":{"start":{"line":4,"column":2},"end":{"line":7,"column":27}},"loc":{"start":{"line":4,"column":2},"end":{"line":7,"column":27}},"line":4},"1":{"name":"MatcherArgumentError","decl":{"start":{"line":8,"column":2},"end":{"line":21,"column":3}},"loc":{"start":{"line":8,"column":2},"end":{"line":21,"column":3}},"line":8},"2":{"name":"<instance_members_initializer>","decl":{"start":{"line":25,"column":2},"end":{"line":29,"column":26}},"loc":{"start":{"line":25,"column":2},"end":{"line":29,"column":26}},"line":25},"3":{"name":"MatcherEvaluationError","decl":{"start":{"line":31,"column":2},"end":{"line":51,"column":3}},"loc":{"start":{"line":31,"column":2},"end":{"line":51,"column":3}},"line":31}},"f":{"0":2,"1":2,"2":7,"3":7}}
,"/Users/calirvine/playground/tenon-ts/src/matcher.ts": {"path":"/Users/calirvine/playground/tenon-ts/src/matcher.ts","all":false,"statementMap":{"2":{"start":{"line":3,"column":0},"end":{"line":3,"column":41}},"10":{"start":{"line":11,"column":0},"end":{"line":11,"column":79}},"59":{"start":{"line":60,"column":0},"end":{"line":60,"column":44}},"61":{"start":{"line":62,"column":0},"end":{"line":62,"column":50}},"63":{"start":{"line":64,"column":0},"end":{"line":64,"column":43}},"64":{"start":{"line":65,"column":0},"end":{"line":65,"column":14}},"65":{"start":{"line":66,"column":0},"end":{"line":66,"column":16}},"66":{"start":{"line":67,"column":0},"end":{"line":67,"column":8}},"67":{"start":{"line":68,"column":0},"end":{"line":68,"column":5}},"68":{"start":{"line":69,"column":0},"end":{"line":69,"column":12}},"69":{"start":{"line":70,"column":0},"end":{"line":70,"column":16}},"70":{"start":{"line":71,"column":0},"end":{"line":71,"column":6}},"71":{"start":{"line":72,"column":0},"end":{"line":72,"column":3}},"73":{"start":{"line":74,"column":0},"end":{"line":74,"column":23}},"74":{"start":{"line":75,"column":0},"end":{"line":75,"column":1}}},"s":{"2":1,"10":1,"59":25,"61":35,"63":1,"64":1,"65":1,"66":1,"67":1,"68":34,"69":34,"70":34,"71":35,"73":25,"74":25},"branchMap":{"0":{"type":"branch","line":11,"loc":{"start":{"line":11,"column":7},"end":{"line":75,"column":1}},"locations":[{"start":{"line":11,"column":7},"end":{"line":75,"column":1}}]},"1":{"type":"branch","line":60,"loc":{"start":{"line":60,"column":2},"end":{"line":72,"column":3}},"locations":[{"start":{"line":60,"column":2},"end":{"line":72,"column":3}}]},"2":{"type":"branch","line":62,"loc":{"start":{"line":62,"column":15},"end":{"line":62,"column":49}},"locations":[{"start":{"line":62,"column":15},"end":{"line":62,"column":49}}]},"3":{"type":"branch","line":62,"loc":{"start":{"line":62,"column":49},"end":{"line":71,"column":6}},"locations":[{"start":{"line":62,"column":49},"end":{"line":71,"column":6}}]},"4":{"type":"branch","line":62,"loc":{"start":{"line":62,"column":49},"end":{"line":68,"column":5}},"locations":[{"start":{"line":62,"column":49},"end":{"line":68,"column":5}}]}},"b":{"0":[25],"1":[35],"2":[31],"3":[34],"4":[1]},"fnMap":{"0":{"name":"makeCreateMatcher","decl":{"start":{"line":11,"column":7},"end":{"line":75,"column":1}},"loc":{"start":{"line":11,"column":7},"end":{"line":75,"column":1}},"line":11},"1":{"name":"createMatcher","decl":{"start":{"line":60,"column":2},"end":{"line":72,"column":3}},"loc":{"start":{"line":60,"column":2},"end":{"line":72,"column":3}},"line":60}},"f":{"0":25,"1":35}}
,"/Users/calirvine/playground/tenon-ts/src/operators.ts": {"path":"/Users/calirvine/playground/tenon-ts/src/operators.ts","all":false,"statementMap":{"1":{"start":{"line":2,"column":0},"end":{"line":2,"column":41}},"9":{"start":{"line":10,"column":0},"end":{"line":10,"column":39}},"11":{"start":{"line":12,"column":0},"end":{"line":12,"column":33}},"12":{"start":{"line":13,"column":0},"end":{"line":13,"column":10}},"13":{"start":{"line":14,"column":0},"end":{"line":14,"column":59}},"14":{"start":{"line":15,"column":0},"end":{"line":15,"column":39}},"15":{"start":{"line":16,"column":0},"end":{"line":16,"column":39}},"16":{"start":{"line":17,"column":0},"end":{"line":17,"column":24}},"17":{"start":{"line":18,"column":0},"end":{"line":18,"column":46}},"18":{"start":{"line":19,"column":0},"end":{"line":19,"column":72}},"19":{"start":{"line":20,"column":0},"end":{"line":20,"column":14}},"20":{"start":{"line":21,"column":0},"end":{"line":21,"column":38}},"21":{"start":{"line":22,"column":0},"end":{"line":22,"column":43}},"22":{"start":{"line":23,"column":0},"end":{"line":23,"column":13}},"23":{"start":{"line":24,"column":0},"end":{"line":24,"column":59}},"24":{"start":{"line":25,"column":0},"end":{"line":25,"column":15}},"25":{"start":{"line":26,"column":0},"end":{"line":26,"column":64}},"26":{"start":{"line":27,"column":0},"end":{"line":27,"column":10}},"27":{"start":{"line":28,"column":0},"end":{"line":28,"column":8}},"28":{"start":{"line":29,"column":0},"end":{"line":29,"column":22}},"29":{"start":{"line":30,"column":0},"end":{"line":30,"column":20}},"30":{"start":{"line":31,"column":0},"end":{"line":31,"column":50}},"31":{"start":{"line":32,"column":0},"end":{"line":32,"column":9}},"32":{"start":{"line":33,"column":0},"end":{"line":33,"column":7}},"33":{"start":{"line":34,"column":0},"end":{"line":34,"column":58}},"34":{"start":{"line":35,"column":0},"end":{"line":35,"column":39}},"35":{"start":{"line":36,"column":0},"end":{"line":36,"column":39}},"36":{"start":{"line":37,"column":0},"end":{"line":37,"column":24}},"37":{"start":{"line":38,"column":0},"end":{"line":38,"column":46}},"38":{"start":{"line":39,"column":0},"end":{"line":39,"column":72}},"39":{"start":{"line":40,"column":0},"end":{"line":40,"column":14}},"40":{"start":{"line":41,"column":0},"end":{"line":41,"column":38}},"41":{"start":{"line":42,"column":0},"end":{"line":42,"column":43}},"42":{"start":{"line":43,"column":0},"end":{"line":43,"column":13}},"43":{"start":{"line":44,"column":0},"end":{"line":44,"column":58}},"44":{"start":{"line":45,"column":0},"end":{"line":45,"column":15}},"45":{"start":{"line":46,"column":0},"end":{"line":46,"column":64}},"46":{"start":{"line":47,"column":0},"end":{"line":47,"column":10}},"47":{"start":{"line":48,"column":0},"end":{"line":48,"column":8}},"48":{"start":{"line":49,"column":0},"end":{"line":49,"column":22}},"49":{"start":{"line":50,"column":0},"end":{"line":50,"column":19}},"50":{"start":{"line":51,"column":0},"end":{"line":51,"column":50}},"51":{"start":{"line":52,"column":0},"end":{"line":52,"column":9}},"52":{"start":{"line":53,"column":0},"end":{"line":53,"column":7}},"53":{"start":{"line":54,"column":0},"end":{"line":54,"column":53}},"54":{"start":{"line":55,"column":0},"end":{"line":55,"column":39}},"55":{"start":{"line":56,"column":0},"end":{"line":56,"column":39}},"56":{"start":{"line":57,"column":0},"end":{"line":57,"column":24}},"57":{"start":{"line":58,"column":0},"end":{"line":58,"column":77}},"58":{"start":{"line":59,"column":0},"end":{"line":59,"column":51}},"59":{"start":{"line":60,"column":0},"end":{"line":60,"column":43}},"60":{"start":{"line":61,"column":0},"end":{"line":61,"column":15}},"61":{"start":{"line":62,"column":0},"end":{"line":62,"column":64}},"62":{"start":{"line":63,"column":0},"end":{"line":63,"column":10}},"63":{"start":{"line":64,"column":0},"end":{"line":64,"column":8}},"64":{"start":{"line":65,"column":0},"end":{"line":65,"column":22}},"65":{"start":{"line":66,"column":0},"end":{"line":66,"column":20}},"66":{"start":{"line":67,"column":0},"end":{"line":67,"column":32}},"67":{"start":{"line":68,"column":0},"end":{"line":68,"column":9}},"68":{"start":{"line":69,"column":0},"end":{"line":69,"column":7}},"69":{"start":{"line":70,"column":0},"end":{"line":70,"column":4}},"70":{"start":{"line":71,"column":0},"end":{"line":71,"column":1}}},"s":{"1":1,"9":1,"11":22,"12":22,"13":22,"14":19,"15":19,"16":19,"17":19,"18":19,"19":19,"20":19,"21":35,"22":35,"23":17,"24":19,"25":19,"26":19,"27":19,"28":19,"29":16,"30":16,"31":16,"32":19,"33":22,"34":5,"35":5,"36":5,"37":5,"38":5,"39":5,"40":5,"41":10,"42":10,"43":5,"44":5,"45":5,"46":5,"47":5,"48":5,"49":3,"50":3,"51":3,"52":5,"53":22,"54":1,"55":1,"56":1,"57":1,"58":1,"59":1,"60":1,"61":1,"62":1,"63":1,"64":1,"65":0,"66":0,"67":0,"68":1,"69":22,"70":22},"branchMap":{"0":{"type":"branch","line":10,"loc":{"start":{"line":10,"column":7},"end":{"line":71,"column":1}},"locations":[{"start":{"line":10,"column":7},"end":{"line":71,"column":1}}]},"1":{"type":"branch","line":14,"loc":{"start":{"line":14,"column":9},"end":{"line":33,"column":7}},"locations":[{"start":{"line":14,"column":9},"end":{"line":33,"column":7}}]},"2":{"type":"branch","line":15,"loc":{"start":{"line":15,"column":25},"end":{"line":28,"column":8}},"locations":[{"start":{"line":15,"column":25},"end":{"line":28,"column":8}}]},"3":{"type":"branch","line":17,"loc":{"start":{"line":17,"column":11},"end":{"line":25,"column":13}},"locations":[{"start":{"line":17,"column":11},"end":{"line":25,"column":13}}]},"4":{"type":"branch","line":21,"loc":{"start":{"line":21,"column":37},"end":{"line":23,"column":13}},"locations":[{"start":{"line":21,"column":37},"end":{"line":23,"column":13}}]},"5":{"type":"branch","line":22,"loc":{"start":{"line":22,"column":29},"end":{"line":22,"column":43}},"locations":[{"start":{"line":22,"column":29},"end":{"line":22,"column":43}}]},"6":{"type":"branch","line":23,"loc":{"start":{"line":23,"column":12},"end":{"line":24,"column":59}},"locations":[{"start":{"line":23,"column":12},"end":{"line":24,"column":59}}]},"7":{"type":"branch","line":19,"loc":{"start":{"line":19,"column":27},"end":{"line":19,"column":71}},"locations":[{"start":{"line":19,"column":27},"end":{"line":19,"column":71}}]},"8":{"type":"branch","line":24,"loc":{"start":{"line":24,"column":33},"end":{"line":24,"column":57}},"locations":[{"start":{"line":24,"column":33},"end":{"line":24,"column":57}}]},"9":{"type":"branch","line":26,"loc":{"start":{"line":26,"column":10},"end":{"line":26,"column":64}},"locations":[{"start":{"line":26,"column":10},"end":{"line":26,"column":64}}]},"10":{"type":"branch","line":26,"loc":{"start":{"line":26,"column":39},"end":{"line":26,"column":64}},"locations":[{"start":{"line":26,"column":39},"end":{"line":26,"column":64}}]},"11":{"type":"branch","line":29,"loc":{"start":{"line":29,"column":14},"end":{"line":32,"column":9}},"locations":[{"start":{"line":29,"column":14},"end":{"line":32,"column":9}}]},"12":{"type":"branch","line":31,"loc":{"start":{"line":31,"column":31},"end":{"line":31,"column":48}},"locations":[{"start":{"line":31,"column":31},"end":{"line":31,"column":48}}]},"13":{"type":"branch","line":34,"loc":{"start":{"line":34,"column":8},"end":{"line":53,"column":7}},"locations":[{"start":{"line":34,"column":8},"end":{"line":53,"column":7}}]},"14":{"type":"branch","line":35,"loc":{"start":{"line":35,"column":25},"end":{"line":48,"column":8}},"locations":[{"start":{"line":35,"column":25},"end":{"line":48,"column":8}}]},"15":{"type":"branch","line":37,"loc":{"start":{"line":37,"column":11},"end":{"line":45,"column":13}},"locations":[{"start":{"line":37,"column":11},"end":{"line":45,"column":13}}]},"16":{"type":"branch","line":41,"loc":{"start":{"line":41,"column":37},"end":{"line":43,"column":13}},"locations":[{"start":{"line":41,"column":37},"end":{"line":43,"column":13}}]},"17":{"type":"branch","line":42,"loc":{"start":{"line":42,"column":29},"end":{"line":42,"column":43}},"locations":[{"start":{"line":42,"column":29},"end":{"line":42,"column":43}}]},"18":{"type":"branch","line":39,"loc":{"start":{"line":39,"column":27},"end":{"line":39,"column":71}},"locations":[{"start":{"line":39,"column":27},"end":{"line":39,"column":71}}]},"19":{"type":"branch","line":44,"loc":{"start":{"line":44,"column":32},"end":{"line":44,"column":56}},"locations":[{"start":{"line":44,"column":32},"end":{"line":44,"column":56}}]},"20":{"type":"branch","line":49,"loc":{"start":{"line":49,"column":14},"end":{"line":52,"column":9}},"locations":[{"start":{"line":49,"column":14},"end":{"line":52,"column":9}}]},"21":{"type":"branch","line":51,"loc":{"start":{"line":51,"column":31},"end":{"line":51,"column":48}},"locations":[{"start":{"line":51,"column":31},"end":{"line":51,"column":48}}]},"22":{"type":"branch","line":54,"loc":{"start":{"line":54,"column":9},"end":{"line":69,"column":7}},"locations":[{"start":{"line":54,"column":9},"end":{"line":69,"column":7}}]},"23":{"type":"branch","line":55,"loc":{"start":{"line":55,"column":25},"end":{"line":64,"column":8}},"locations":[{"start":{"line":55,"column":25},"end":{"line":64,"column":8}}]},"24":{"type":"branch","line":57,"loc":{"start":{"line":57,"column":11},"end":{"line":61,"column":13}},"locations":[{"start":{"line":57,"column":11},"end":{"line":61,"column":13}}]},"25":{"type":"branch","line":59,"loc":{"start":{"line":59,"column":32},"end":{"line":59,"column":51}},"locations":[{"start":{"line":59,"column":32},"end":{"line":59,"column":51}}]}},"b":{"0":[22],"1":[19],"2":[19],"3":[19],"4":[35],"5":[2],"6":[17],"7":[35],"8":[29],"9":[2],"10":[0],"11":[16],"12":[29],"13":[5],"14":[5],"15":[5],"16":[10],"17":[0],"18":[10],"19":[9],"20":[3],"21":[6],"22":[1],"23":[1],"24":[1],"25":[0]},"fnMap":{"0":{"name":"createLogicalOperators","decl":{"start":{"line":10,"column":7},"end":{"line":71,"column":1}},"loc":{"start":{"line":10,"column":7},"end":{"line":71,"column":1}},"line":10},"1":{"name":"and","decl":{"start":{"line":14,"column":9},"end":{"line":33,"column":7}},"loc":{"start":{"line":14,"column":9},"end":{"line":33,"column":7}},"line":14},"2":{"name":"_evaluateInternal","decl":{"start":{"line":15,"column":25},"end":{"line":28,"column":8}},"loc":{"start":{"line":15,"column":25},"end":{"line":28,"column":8}},"line":15},"3":{"name":"toNode","decl":{"start":{"line":29,"column":14},"end":{"line":32,"column":9}},"loc":{"start":{"line":29,"column":14},"end":{"line":32,"column":9}},"line":29},"4":{"name":"or","decl":{"start":{"line":34,"column":8},"end":{"line":53,"column":7}},"loc":{"start":{"line":34,"column":8},"end":{"line":53,"column":7}},"line":34},"5":{"name":"_evaluateInternal","decl":{"start":{"line":35,"column":25},"end":{"line":48,"column":8}},"loc":{"start":{"line":35,"column":25},"end":{"line":48,"column":8}},"line":35},"6":{"name":"toNode","decl":{"start":{"line":49,"column":14},"end":{"line":52,"column":9}},"loc":{"start":{"line":49,"column":14},"end":{"line":52,"column":9}},"line":49},"7":{"name":"not","decl":{"start":{"line":54,"column":9},"end":{"line":69,"column":7}},"loc":{"start":{"line":54,"column":9},"end":{"line":69,"column":7}},"line":54},"8":{"name":"_evaluateInternal","decl":{"start":{"line":55,"column":25},"end":{"line":64,"column":8}},"loc":{"start":{"line":55,"column":25},"end":{"line":64,"column":8}},"line":55},"9":{"name":"toNode","decl":{"start":{"line":65,"column":14},"end":{"line":68,"column":9}},"loc":{"start":{"line":65,"column":14},"end":{"line":68,"column":9}},"line":65}},"f":{"0":22,"1":19,"2":19,"3":16,"4":5,"5":5,"6":3,"7":1,"8":1,"9":0}}
,"/Users/calirvine/playground/tenon-ts/src/segment.ts": {"path":"/Users/calirvine/playground/tenon-ts/src/segment.ts","all":false,"statementMap":{"11":{"start":{"line":12,"column":0},"end":{"line":12,"column":41}},"12":{"start":{"line":13,"column":0},"end":{"line":13,"column":52}},"13":{"start":{"line":14,"column":0},"end":{"line":14,"column":53}},"15":{"start":{"line":16,"column":0},"end":{"line":16,"column":53}},"17":{"start":{"line":18,"column":0},"end":{"line":18,"column":39}},"23":{"start":{"line":24,"column":0},"end":{"line":24,"column":18}},"24":{"start":{"line":25,"column":0},"end":{"line":25,"column":73}},"25":{"start":{"line":26,"column":0},"end":{"line":26,"column":17}},"26":{"start":{"line":27,"column":0},"end":{"line":27,"column":56}},"27":{"start":{"line":28,"column":0},"end":{"line":28,"column":25}},"28":{"start":{"line":29,"column":0},"end":{"line":29,"column":17}},"29":{"start":{"line":30,"column":0},"end":{"line":30,"column":21}},"30":{"start":{"line":31,"column":0},"end":{"line":31,"column":51}},"31":{"start":{"line":32,"column":0},"end":{"line":32,"column":3}},"32":{"start":{"line":33,"column":0},"end":{"line":33,"column":67}},"44":{"start":{"line":45,"column":0},"end":{"line":45,"column":5}},"45":{"start":{"line":46,"column":0},"end":{"line":46,"column":61}},"46":{"start":{"line":47,"column":0},"end":{"line":47,"column":46}},"47":{"start":{"line":48,"column":0},"end":{"line":48,"column":71}},"48":{"start":{"line":49,"column":0},"end":{"line":49,"column":5}},"49":{"start":{"line":50,"column":0},"end":{"line":50,"column":31}},"50":{"start":{"line":51,"column":0},"end":{"line":51,"column":14}},"51":{"start":{"line":52,"column":0},"end":{"line":52,"column":27}},"52":{"start":{"line":53,"column":0},"end":{"line":53,"column":17}},"53":{"start":{"line":54,"column":0},"end":{"line":54,"column":11}},"54":{"start":{"line":55,"column":0},"end":{"line":55,"column":70}},"55":{"start":{"line":56,"column":0},"end":{"line":56,"column":12}},"56":{"start":{"line":57,"column":0},"end":{"line":57,"column":10}},"57":{"start":{"line":58,"column":0},"end":{"line":58,"column":8}},"58":{"start":{"line":59,"column":0},"end":{"line":59,"column":5}},"59":{"start":{"line":60,"column":0},"end":{"line":60,"column":45}},"60":{"start":{"line":61,"column":0},"end":{"line":61,"column":27}},"61":{"start":{"line":62,"column":0},"end":{"line":62,"column":22}},"66":{"start":{"line":67,"column":0},"end":{"line":67,"column":10}},"68":{"start":{"line":69,"column":0},"end":{"line":69,"column":53}},"69":{"start":{"line":70,"column":0},"end":{"line":70,"column":11}},"70":{"start":{"line":71,"column":0},"end":{"line":71,"column":52}},"72":{"start":{"line":73,"column":0},"end":{"line":73,"column":27}},"73":{"start":{"line":74,"column":0},"end":{"line":74,"column":20}},"74":{"start":{"line":75,"column":0},"end":{"line":75,"column":40}},"75":{"start":{"line":76,"column":0},"end":{"line":76,"column":38}},"76":{"start":{"line":77,"column":0},"end":{"line":77,"column":12}},"77":{"start":{"line":78,"column":0},"end":{"line":78,"column":61}},"78":{"start":{"line":79,"column":0},"end":{"line":79,"column":55}},"79":{"start":{"line":80,"column":0},"end":{"line":80,"column":31}},"80":{"start":{"line":81,"column":0},"end":{"line":81,"column":28}},"81":{"start":{"line":82,"column":0},"end":{"line":82,"column":27}},"82":{"start":{"line":83,"column":0},"end":{"line":83,"column":32}},"83":{"start":{"line":84,"column":0},"end":{"line":84,"column":35}},"84":{"start":{"line":85,"column":0},"end":{"line":85,"column":25}},"85":{"start":{"line":86,"column":0},"end":{"line":86,"column":12}},"87":{"start":{"line":88,"column":0},"end":{"line":88,"column":36}},"88":{"start":{"line":89,"column":0},"end":{"line":89,"column":73}},"90":{"start":{"line":91,"column":0},"end":{"line":91,"column":31}},"91":{"start":{"line":92,"column":0},"end":{"line":92,"column":61}},"92":{"start":{"line":93,"column":0},"end":{"line":93,"column":31}},"93":{"start":{"line":94,"column":0},"end":{"line":94,"column":69}},"94":{"start":{"line":95,"column":0},"end":{"line":95,"column":11}},"95":{"start":{"line":96,"column":0},"end":{"line":96,"column":45}},"96":{"start":{"line":97,"column":0},"end":{"line":97,"column":67}},"97":{"start":{"line":98,"column":0},"end":{"line":98,"column":31}},"98":{"start":{"line":99,"column":0},"end":{"line":99,"column":23}},"99":{"start":{"line":100,"column":0},"end":{"line":100,"column":43}},"100":{"start":{"line":101,"column":0},"end":{"line":101,"column":30}},"101":{"start":{"line":102,"column":0},"end":{"line":102,"column":50}},"102":{"start":{"line":103,"column":0},"end":{"line":103,"column":30}},"103":{"start":{"line":104,"column":0},"end":{"line":104,"column":51}},"104":{"start":{"line":105,"column":0},"end":{"line":105,"column":25}},"105":{"start":{"line":106,"column":0},"end":{"line":106,"column":18}},"106":{"start":{"line":107,"column":0},"end":{"line":107,"column":42}},"107":{"start":{"line":108,"column":0},"end":{"line":108,"column":11}},"108":{"start":{"line":109,"column":0},"end":{"line":109,"column":9}},"109":{"start":{"line":110,"column":0},"end":{"line":110,"column":44}},"110":{"start":{"line":111,"column":0},"end":{"line":111,"column":59}},"111":{"start":{"line":112,"column":0},"end":{"line":112,"column":33}},"112":{"start":{"line":113,"column":0},"end":{"line":113,"column":23}},"113":{"start":{"line":114,"column":0},"end":{"line":114,"column":9}},"115":{"start":{"line":116,"column":0},"end":{"line":116,"column":71}},"116":{"start":{"line":117,"column":0},"end":{"line":117,"column":62}},"117":{"start":{"line":118,"column":0},"end":{"line":118,"column":35}},"118":{"start":{"line":119,"column":0},"end":{"line":119,"column":13}},"119":{"start":{"line":120,"column":0},"end":{"line":120,"column":55}},"120":{"start":{"line":121,"column":0},"end":{"line":121,"column":61}},"121":{"start":{"line":122,"column":0},"end":{"line":122,"column":20}},"122":{"start":{"line":123,"column":0},"end":{"line":123,"column":40}},"123":{"start":{"line":124,"column":0},"end":{"line":124,"column":38}},"124":{"start":{"line":125,"column":0},"end":{"line":125,"column":13}},"126":{"start":{"line":127,"column":0},"end":{"line":127,"column":64}},"127":{"start":{"line":128,"column":0},"end":{"line":128,"column":58}},"128":{"start":{"line":129,"column":0},"end":{"line":129,"column":45}},"129":{"start":{"line":130,"column":0},"end":{"line":130,"column":35}},"130":{"start":{"line":131,"column":0},"end":{"line":131,"column":41}},"131":{"start":{"line":132,"column":0},"end":{"line":132,"column":40}},"132":{"start":{"line":133,"column":0},"end":{"line":133,"column":32}},"134":{"start":{"line":135,"column":0},"end":{"line":135,"column":48}},"135":{"start":{"line":136,"column":0},"end":{"line":136,"column":25}},"136":{"start":{"line":137,"column":0},"end":{"line":137,"column":62}},"137":{"start":{"line":138,"column":0},"end":{"line":138,"column":26}},"138":{"start":{"line":139,"column":0},"end":{"line":139,"column":31}},"139":{"start":{"line":140,"column":0},"end":{"line":140,"column":51}},"140":{"start":{"line":141,"column":0},"end":{"line":141,"column":41}},"141":{"start":{"line":142,"column":0},"end":{"line":142,"column":53}},"142":{"start":{"line":143,"column":0},"end":{"line":143,"column":25}},"143":{"start":{"line":144,"column":0},"end":{"line":144,"column":48}},"144":{"start":{"line":145,"column":0},"end":{"line":145,"column":23}},"145":{"start":{"line":146,"column":0},"end":{"line":146,"column":30}},"146":{"start":{"line":147,"column":0},"end":{"line":147,"column":57}},"147":{"start":{"line":148,"column":0},"end":{"line":148,"column":46}},"148":{"start":{"line":149,"column":0},"end":{"line":149,"column":22}},"149":{"start":{"line":150,"column":0},"end":{"line":150,"column":74}},"150":{"start":{"line":151,"column":0},"end":{"line":151,"column":25}},"151":{"start":{"line":152,"column":0},"end":{"line":152,"column":80}},"152":{"start":{"line":153,"column":0},"end":{"line":153,"column":31}},"153":{"start":{"line":154,"column":0},"end":{"line":154,"column":37}},"154":{"start":{"line":155,"column":0},"end":{"line":155,"column":25}},"155":{"start":{"line":156,"column":0},"end":{"line":156,"column":47}},"156":{"start":{"line":157,"column":0},"end":{"line":157,"column":33}},"157":{"start":{"line":158,"column":0},"end":{"line":158,"column":61}},"158":{"start":{"line":159,"column":0},"end":{"line":159,"column":24}},"159":{"start":{"line":160,"column":0},"end":{"line":160,"column":42}},"160":{"start":{"line":161,"column":0},"end":{"line":161,"column":54}},"161":{"start":{"line":162,"column":0},"end":{"line":162,"column":30}},"162":{"start":{"line":163,"column":0},"end":{"line":163,"column":43}},"163":{"start":{"line":164,"column":0},"end":{"line":164,"column":23}},"164":{"start":{"line":165,"column":0},"end":{"line":165,"column":35}},"165":{"start":{"line":166,"column":0},"end":{"line":166,"column":45}},"166":{"start":{"line":167,"column":0},"end":{"line":167,"column":51}},"167":{"start":{"line":168,"column":0},"end":{"line":168,"column":32}},"168":{"start":{"line":169,"column":0},"end":{"line":169,"column":75}},"169":{"start":{"line":170,"column":0},"end":{"line":170,"column":25}},"170":{"start":{"line":171,"column":0},"end":{"line":171,"column":47}},"171":{"start":{"line":172,"column":0},"end":{"line":172,"column":37}},"172":{"start":{"line":173,"column":0},"end":{"line":173,"column":68}},"173":{"start":{"line":174,"column":0},"end":{"line":174,"column":24}},"174":{"start":{"line":175,"column":0},"end":{"line":175,"column":47}},"175":{"start":{"line":176,"column":0},"end":{"line":176,"column":40}},"176":{"start":{"line":177,"column":0},"end":{"line":177,"column":72}},"177":{"start":{"line":178,"column":0},"end":{"line":178,"column":24}},"178":{"start":{"line":179,"column":0},"end":{"line":179,"column":47}},"179":{"start":{"line":180,"column":0},"end":{"line":180,"column":38}},"180":{"start":{"line":181,"column":0},"end":{"line":181,"column":69}},"181":{"start":{"line":182,"column":0},"end":{"line":182,"column":24}},"182":{"start":{"line":183,"column":0},"end":{"line":183,"column":60}},"183":{"start":{"line":184,"column":0},"end":{"line":184,"column":76}},"184":{"start":{"line":185,"column":0},"end":{"line":185,"column":23}},"185":{"start":{"line":186,"column":0},"end":{"line":186,"column":32}},"186":{"start":{"line":187,"column":0},"end":{"line":187,"column":31}},"187":{"start":{"line":188,"column":0},"end":{"line":188,"column":40}},"188":{"start":{"line":189,"column":0},"end":{"line":189,"column":21}},"189":{"start":{"line":190,"column":0},"end":{"line":190,"column":23}},"190":{"start":{"line":191,"column":0},"end":{"line":191,"column":72}},"191":{"start":{"line":192,"column":0},"end":{"line":192,"column":18}},"192":{"start":{"line":193,"column":0},"end":{"line":193,"column":14}},"193":{"start":{"line":194,"column":0},"end":{"line":194,"column":34}},"194":{"start":{"line":195,"column":0},"end":{"line":195,"column":44}},"195":{"start":{"line":196,"column":0},"end":{"line":196,"column":32}},"196":{"start":{"line":197,"column":0},"end":{"line":197,"column":29}},"197":{"start":{"line":198,"column":0},"end":{"line":198,"column":14}},"198":{"start":{"line":199,"column":0},"end":{"line":199,"column":11}},"199":{"start":{"line":200,"column":0},"end":{"line":200,"column":31}},"200":{"start":{"line":201,"column":0},"end":{"line":201,"column":28}},"201":{"start":{"line":202,"column":0},"end":{"line":202,"column":27}},"202":{"start":{"line":203,"column":0},"end":{"line":203,"column":32}},"203":{"start":{"line":204,"column":0},"end":{"line":204,"column":24}},"204":{"start":{"line":205,"column":0},"end":{"line":205,"column":25}},"205":{"start":{"line":206,"column":0},"end":{"line":206,"column":12}},"206":{"start":{"line":207,"column":0},"end":{"line":207,"column":24}},"207":{"start":{"line":208,"column":0},"end":{"line":208,"column":79}},"208":{"start":{"line":209,"column":0},"end":{"line":209,"column":67}},"209":{"start":{"line":210,"column":0},"end":{"line":210,"column":31}},"210":{"start":{"line":211,"column":0},"end":{"line":211,"column":23}},"211":{"start":{"line":212,"column":0},"end":{"line":212,"column":43}},"212":{"start":{"line":213,"column":0},"end":{"line":213,"column":30}},"213":{"start":{"line":214,"column":0},"end":{"line":214,"column":50}},"214":{"start":{"line":215,"column":0},"end":{"line":215,"column":30}},"215":{"start":{"line":216,"column":0},"end":{"line":216,"column":64}},"216":{"start":{"line":217,"column":0},"end":{"line":217,"column":58}},"217":{"start":{"line":218,"column":0},"end":{"line":218,"column":35}},"218":{"start":{"line":219,"column":0},"end":{"line":219,"column":41}},"219":{"start":{"line":220,"column":0},"end":{"line":220,"column":35}},"220":{"start":{"line":221,"column":0},"end":{"line":221,"column":15}},"221":{"start":{"line":222,"column":0},"end":{"line":222,"column":61}},"222":{"start":{"line":223,"column":0},"end":{"line":223,"column":67}},"223":{"start":{"line":224,"column":0},"end":{"line":224,"column":69}},"224":{"start":{"line":225,"column":0},"end":{"line":225,"column":34}},"225":{"start":{"line":226,"column":0},"end":{"line":226,"column":18}},"226":{"start":{"line":227,"column":0},"end":{"line":227,"column":58}},"227":{"start":{"line":228,"column":0},"end":{"line":228,"column":51}},"228":{"start":{"line":229,"column":0},"end":{"line":229,"column":11}},"229":{"start":{"line":230,"column":0},"end":{"line":230,"column":23}},"230":{"start":{"line":231,"column":0},"end":{"line":231,"column":28}},"231":{"start":{"line":232,"column":0},"end":{"line":232,"column":64}},"232":{"start":{"line":233,"column":0},"end":{"line":233,"column":35}},"233":{"start":{"line":234,"column":0},"end":{"line":234,"column":69}},"234":{"start":{"line":235,"column":0},"end":{"line":235,"column":56}},"235":{"start":{"line":236,"column":0},"end":{"line":236,"column":33}},"236":{"start":{"line":237,"column":0},"end":{"line":237,"column":39}},"237":{"start":{"line":238,"column":0},"end":{"line":238,"column":40}},"238":{"start":{"line":239,"column":0},"end":{"line":239,"column":13}},"239":{"start":{"line":240,"column":0},"end":{"line":240,"column":66}},"240":{"start":{"line":241,"column":0},"end":{"line":241,"column":72}},"241":{"start":{"line":242,"column":0},"end":{"line":242,"column":74}},"242":{"start":{"line":243,"column":0},"end":{"line":243,"column":32}},"243":{"start":{"line":244,"column":0},"end":{"line":244,"column":19}},"244":{"start":{"line":245,"column":0},"end":{"line":245,"column":28}},"245":{"start":{"line":246,"column":0},"end":{"line":246,"column":9}},"246":{"start":{"line":247,"column":0},"end":{"line":247,"column":29}},"247":{"start":{"line":248,"column":0},"end":{"line":248,"column":21}},"248":{"start":{"line":249,"column":0},"end":{"line":249,"column":79}},"249":{"start":{"line":250,"column":0},"end":{"line":250,"column":33}},"250":{"start":{"line":251,"column":0},"end":{"line":251,"column":54}},"251":{"start":{"line":252,"column":0},"end":{"line":252,"column":21}},"252":{"start":{"line":253,"column":0},"end":{"line":253,"column":7}},"253":{"start":{"line":254,"column":0},"end":{"line":254,"column":6}},"254":{"start":{"line":255,"column":0},"end":{"line":255,"column":42}},"255":{"start":{"line":256,"column":0},"end":{"line":256,"column":4}},"256":{"start":{"line":257,"column":0},"end":{"line":257,"column":1}}},"s":{"11":1,"12":1,"13":1,"15":1,"17":1,"23":42,"24":42,"25":42,"26":42,"27":42,"28":42,"29":42,"30":42,"31":42,"32":42,"44":59,"45":59,"46":59,"47":5,"48":5,"49":59,"50":0,"51":0,"52":0,"53":0,"54":0,"55":0,"56":0,"57":0,"58":0,"59":54,"60":54,"61":58,"66":58,"68":58,"69":58,"70":58,"72":5,"73":5,"74":5,"75":5,"76":5,"77":5,"78":5,"79":5,"80":5,"81":5,"82":5,"83":5,"84":5,"85":5,"87":5,"88":5,"90":5,"91":5,"92":5,"93":0,"94":0,"95":2,"96":2,"97":2,"98":1,"99":1,"100":1,"101":0,"102":1,"103":1,"104":1,"105":5,"106":1,"107":1,"108":5,"109":53,"110":53,"111":58,"112":0,"113":0,"115":53,"116":53,"117":53,"118":53,"119":53,"120":53,"121":53,"122":53,"123":53,"124":53,"126":53,"127":53,"128":53,"129":53,"130":53,"131":53,"132":53,"134":53,"135":53,"136":53,"137":53,"138":53,"139":53,"140":53,"141":37,"142":53,"143":37,"144":37,"145":53,"146":53,"147":53,"148":53,"149":53,"150":53,"151":53,"152":53,"153":53,"154":53,"155":46,"156":46,"157":53,"158":53,"159":53,"160":37,"161":53,"162":9,"163":9,"164":53,"165":16,"166":16,"167":16,"168":16,"169":16,"170":16,"171":16,"172":16,"173":16,"174":16,"175":16,"176":16,"177":16,"178":16,"179":16,"180":16,"181":16,"182":16,"183":9,"184":9,"185":16,"186":53,"187":53,"188":53,"189":53,"190":53,"191":53,"192":53,"193":53,"194":53,"195":53,"196":53,"197":53,"198":53,"199":53,"200":53,"201":53,"202":53,"203":53,"204":53,"205":53,"206":53,"207":53,"208":53,"209":58,"210":16,"211":16,"212":16,"213":0,"214":16,"215":16,"216":16,"217":16,"218":16,"219":16,"220":16,"221":16,"222":16,"223":16,"224":16,"225":58,"226":37,"227":37,"228":37,"229":58,"230":0,"231":0,"232":0,"233":0,"234":0,"235":0,"236":0,"237":0,"238":0,"239":0,"240":0,"241":0,"242":0,"243":58,"244":53,"245":53,"246":53,"247":58,"248":3,"249":3,"250":3,"251":3,"252":3,"253":58,"254":54,"255":59,"256":42},"branchMap":{"0":{"type":"branch","line":18,"loc":{"start":{"line":18,"column":7},"end":{"line":257,"column":1}},"locations":[{"start":{"line":18,"column":7},"end":{"line":257,"column":1}}]},"1":{"type":"branch","line":33,"loc":{"start":{"line":33,"column":9},"end":{"line":256,"column":4}},"locations":[{"start":{"line":33,"column":9},"end":{"line":256,"column":4}}]},"2":{"type":"branch","line":47,"loc":{"start":{"line":47,"column":20},"end":{"line":47,"column":45}},"locations":[{"start":{"line":47,"column":20},"end":{"line":47,"column":45}}]},"3":{"type":"branch","line":47,"loc":{"start":{"line":47,"column":45},"end":{"line":50,"column":30}},"locations":[{"start":{"line":47,"column":45},"end":{"line":50,"column":30}}]},"4":{"type":"branch","line":47,"loc":{"start":{"line":47,"column":45},"end":{"line":49,"column":5}},"locations":[{"start":{"line":47,"column":45},"end":{"line":49,"column":5}}]},"5":{"type":"branch","line":49,"loc":{"start":{"line":49,"column":4},"end":{"line":50,"column":30}},"locations":[{"start":{"line":49,"column":4},"end":{"line":50,"column":30}}]},"6":{"type":"branch","line":50,"loc":{"start":{"line":50,"column":30},"end":{"line":59,"column":5}},"locations":[{"start":{"line":50,"column":30},"end":{"line":59,"column":5}}]},"7":{"type":"branch","line":59,"loc":{"start":{"line":59,"column":4},"end":{"line":255,"column":42}},"locations":[{"start":{"line":59,"column":4},"end":{"line":255,"column":42}}]},"8":{"type":"branch","line":61,"loc":{"start":{"line":61,"column":20},"end":{"line":254,"column":6}},"locations":[{"start":{"line":61,"column":20},"end":{"line":254,"column":6}}]},"9":{"type":"branch","line":71,"loc":{"start":{"line":71,"column":51},"end":{"line":109,"column":9}},"locations":[{"start":{"line":71,"column":51},"end":{"line":109,"column":9}}]},"10":{"type":"branch","line":89,"loc":{"start":{"line":89,"column":12},"end":{"line":89,"column":73}},"locations":[{"start":{"line":89,"column":12},"end":{"line":89,"column":73}}]},"11":{"type":"branch","line":93,"loc":{"start":{"line":93,"column":30},"end":{"line":95,"column":11}},"locations":[{"start":{"line":93,"column":30},"end":{"line":95,"column":11}}]},"12":{"type":"branch","line":95,"loc":{"start":{"line":95,"column":10},"end":{"line":106,"column":17}},"locations":[{"start":{"line":95,"column":10},"end":{"line":106,"column":17}}]},"13":{"type":"branch","line":98,"loc":{"start":{"line":98,"column":30},"end":{"line":106,"column":17}},"locations":[{"start":{"line":98,"column":30},"end":{"line":106,"column":17}}]},"14":{"type":"branch","line":101,"loc":{"start":{"line":101,"column":25},"end":{"line":102,"column":50}},"locations":[{"start":{"line":101,"column":25},"end":{"line":102,"column":50}}]},"15":{"type":"branch","line":106,"loc":{"start":{"line":106,"column":10},"end":{"line":108,"column":11}},"locations":[{"start":{"line":106,"column":10},"end":{"line":108,"column":11}}]},"16":{"type":"branch","line":109,"loc":{"start":{"line":109,"column":8},"end":{"line":112,"column":32}},"locations":[{"start":{"line":109,"column":8},"end":{"line":112,"column":32}}]},"17":{"type":"branch","line":112,"loc":{"start":{"line":112,"column":32},"end":{"line":114,"column":9}},"locations":[{"start":{"line":112,"column":32},"end":{"line":114,"column":9}}]},"18":{"type":"branch","line":114,"loc":{"start":{"line":114,"column":8},"end":{"line":210,"column":30}},"locations":[{"start":{"line":114,"column":8},"end":{"line":210,"column":30}}]},"19":{"type":"branch","line":210,"loc":{"start":{"line":210,"column":30},"end":{"line":226,"column":17}},"locations":[{"start":{"line":210,"column":30},"end":{"line":226,"column":17}}]},"20":{"type":"branch","line":213,"loc":{"start":{"line":213,"column":25},"end":{"line":214,"column":50}},"locations":[{"start":{"line":213,"column":25},"end":{"line":214,"column":50}}]},"21":{"type":"branch","line":216,"loc":{"start":{"line":216,"column":25},"end":{"line":216,"column":64}},"locations":[{"start":{"line":216,"column":25},"end":{"line":216,"column":64}}]},"22":{"type":"branch","line":224,"loc":{"start":{"line":224,"column":56},"end":{"line":224,"column":67}},"locations":[{"start":{"line":224,"column":56},"end":{"line":224,"column":67}}]},"23":{"type":"branch","line":226,"loc":{"start":{"line":226,"column":10},"end":{"line":229,"column":11}},"locations":[{"start":{"line":226,"column":10},"end":{"line":229,"column":11}}]},"24":{"type":"branch","line":230,"loc":{"start":{"line":230,"column":8},"end":{"line":244,"column":10}},"locations":[{"start":{"line":230,"column":8},"end":{"line":244,"column":10}}]},"25":{"type":"branch","line":244,"loc":{"start":{"line":244,"column":8},"end":{"line":248,"column":15}},"locations":[{"start":{"line":244,"column":8},"end":{"line":248,"column":15}}]},"26":{"type":"branch","line":248,"loc":{"start":{"line":248,"column":6},"end":{"line":253,"column":7}},"locations":[{"start":{"line":248,"column":6},"end":{"line":253,"column":7}}]},"27":{"type":"branch","line":249,"loc":{"start":{"line":249,"column":42},"end":{"line":249,"column":56}},"locations":[{"start":{"line":249,"column":42},"end":{"line":249,"column":56}}]},"28":{"type":"branch","line":249,"loc":{"start":{"line":249,"column":50},"end":{"line":249,"column":79}},"locations":[{"start":{"line":249,"column":50},"end":{"line":249,"column":79}}]},"29":{"type":"branch","line":251,"loc":{"start":{"line":251,"column":21},"end":{"line":251,"column":54}},"locations":[{"start":{"line":251,"column":21},"end":{"line":251,"column":54}}]},"30":{"type":"branch","line":131,"loc":{"start":{"line":131,"column":33},"end":{"line":192,"column":18}},"locations":[{"start":{"line":131,"column":33},"end":{"line":192,"column":18}}]},"31":{"type":"branch","line":133,"loc":{"start":{"line":133,"column":19},"end":{"line":190,"column":21}},"locations":[{"start":{"line":133,"column":19},"end":{"line":190,"column":21}}]},"32":{"type":"branch","line":141,"loc":{"start":{"line":141,"column":34},"end":{"line":142,"column":53}},"locations":[{"start":{"line":141,"column":34},"end":{"line":142,"column":53}}]},"33":{"type":"branch","line":143,"loc":{"start":{"line":143,"column":24},"end":{"line":145,"column":23}},"locations":[{"start":{"line":143,"column":24},"end":{"line":145,"column":23}}]},"34":{"type":"branch","line":146,"loc":{"start":{"line":146,"column":20},"end":{"line":146,"column":30}},"locations":[{"start":{"line":146,"column":20},"end":{"line":146,"column":30}}]},"35":{"type":"branch","line":155,"loc":{"start":{"line":155,"column":23},"end":{"line":158,"column":40}},"locations":[{"start":{"line":155,"column":23},"end":{"line":158,"column":40}}]},"36":{"type":"branch","line":158,"loc":{"start":{"line":158,"column":36},"end":{"line":158,"column":52}},"locations":[{"start":{"line":158,"column":36},"end":{"line":158,"column":52}}]},"37":{"type":"branch","line":158,"loc":{"start":{"line":158,"column":40},"end":{"line":158,"column":61}},"locations":[{"start":{"line":158,"column":40},"end":{"line":158,"column":61}}]},"38":{"type":"branch","line":160,"loc":{"start":{"line":160,"column":41},"end":{"line":162,"column":29}},"locations":[{"start":{"line":160,"column":41},"end":{"line":162,"column":29}}]},"39":{"type":"branch","line":162,"loc":{"start":{"line":162,"column":22},"end":{"line":164,"column":23}},"locations":[{"start":{"line":162,"column":22},"end":{"line":164,"column":23}}]},"40":{"type":"branch","line":165,"loc":{"start":{"line":165,"column":20},"end":{"line":187,"column":22}},"locations":[{"start":{"line":165,"column":20},"end":{"line":187,"column":22}}]},"41":{"type":"branch","line":165,"loc":{"start":{"line":165,"column":20},"end":{"line":187,"column":22}},"locations":[{"start":{"line":165,"column":20},"end":{"line":187,"column":22}}]},"42":{"type":"branch","line":169,"loc":{"start":{"line":169,"column":41},"end":{"line":169,"column":63}},"locations":[{"start":{"line":169,"column":41},"end":{"line":169,"column":63}}]},"43":{"type":"branch","line":169,"loc":{"start":{"line":169,"column":53},"end":{"line":169,"column":75}},"locations":[{"start":{"line":169,"column":53},"end":{"line":169,"column":75}}]},"44":{"type":"branch","line":173,"loc":{"start":{"line":173,"column":39},"end":{"line":173,"column":58}},"locations":[{"start":{"line":173,"column":39},"end":{"line":173,"column":58}}]},"45":{"type":"branch","line":173,"loc":{"start":{"line":173,"column":51},"end":{"line":173,"column":68}},"locations":[{"start":{"line":173,"column":51},"end":{"line":173,"column":68}}]},"46":{"type":"branch","line":177,"loc":{"start":{"line":177,"column":39},"end":{"line":177,"column":61}},"locations":[{"start":{"line":177,"column":39},"end":{"line":177,"column":61}}]},"47":{"type":"branch","line":177,"loc":{"start":{"line":177,"column":51},"end":{"line":177,"column":72}},"locations":[{"start":{"line":177,"column":51},"end":{"line":177,"column":72}}]},"48":{"type":"branch","line":181,"loc":{"start":{"line":181,"column":39},"end":{"line":181,"column":67}},"locations":[{"start":{"line":181,"column":39},"end":{"line":181,"column":67}}]},"49":{"type":"branch","line":181,"loc":{"start":{"line":181,"column":52},"end":{"line":181,"column":67}},"locations":[{"start":{"line":181,"column":52},"end":{"line":181,"column":67}}]},"50":{"type":"branch","line":181,"loc":{"start":{"line":181,"column":61},"end":{"line":181,"column":69}},"locations":[{"start":{"line":181,"column":61},"end":{"line":181,"column":69}}]},"51":{"type":"branch","line":183,"loc":{"start":{"line":183,"column":26},"end":{"line":183,"column":59}},"locations":[{"start":{"line":183,"column":26},"end":{"line":183,"column":59}}]},"52":{"type":"branch","line":183,"loc":{"start":{"line":183,"column":59},"end":{"line":185,"column":23}},"locations":[{"start":{"line":183,"column":59},"end":{"line":185,"column":23}}]},"53":{"type":"branch","line":187,"loc":{"start":{"line":187,"column":20},"end":{"line":187,"column":22}},"locations":[{"start":{"line":187,"column":20},"end":{"line":187,"column":22}}]},"54":{"type":"branch","line":191,"loc":{"start":{"line":191,"column":18},"end":{"line":191,"column":72}},"locations":[{"start":{"line":191,"column":18},"end":{"line":191,"column":72}}]},"55":{"type":"branch","line":191,"loc":{"start":{"line":191,"column":39},"end":{"line":191,"column":51}},"locations":[{"start":{"line":191,"column":39},"end":{"line":191,"column":51}}]},"56":{"type":"branch","line":191,"loc":{"start":{"line":191,"column":47},"end":{"line":191,"column":72}},"locations":[{"start":{"line":191,"column":47},"end":{"line":191,"column":72}}]}},"b":{"0":[42],"1":[59],"2":[5],"3":[57],"4":[5],"5":[54],"6":[0],"7":[54],"8":[58],"9":[5],"10":[4],"11":[0],"12":[2],"13":[1],"14":[0],"15":[1],"16":[53],"17":[0],"18":[53],"19":[16],"20":[0],"21":[11],"22":[0],"23":[37],"24":[0],"25":[53],"26":[3],"27":[1],"28":[2],"29":[2],"30":[53],"31":[53],"32":[37],"33":[37],"34":[0],"35":[46],"36":[37],"37":[9],"38":[37],"39":[9],"40":[49],"41":[16],"42":[12],"43":[4],"44":[12],"45":[4],"46":[12],"47":[4],"48":[12],"49":[0],"50":[4],"51":[11],"52":[9],"53":[0],"54":[16],"55":[12],"56":[4]},"fnMap":{"0":{"name":"createSegmentEvaluator","decl":{"start":{"line":18,"column":7},"end":{"line":257,"column":1}},"loc":{"start":{"line":18,"column":7},"end":{"line":257,"column":1}},"line":18},"1":{"name":"contextFor","decl":{"start":{"line":33,"column":9},"end":{"line":256,"column":4}},"loc":{"start":{"line":33,"column":9},"end":{"line":256,"column":4}},"line":33},"2":{"name":"matches","decl":{"start":{"line":61,"column":20},"end":{"line":254,"column":6}},"loc":{"start":{"line":61,"column":20},"end":{"line":254,"column":6}},"line":61},"3":{"name":"_evaluateInternal","decl":{"start":{"line":131,"column":33},"end":{"line":192,"column":18}},"loc":{"start":{"line":131,"column":33},"end":{"line":192,"column":18}},"line":131}},"f":{"0":42,"1":59,"2":58,"3":53}}
,"/Users/calirvine/playground/tenon-ts/src/types.ts": {"path":"/Users/calirvine/playground/tenon-ts/src/types.ts","all":false,"statementMap":{"294":{"start":{"line":295,"column":0},"end":{"line":295,"column":35}},"295":{"start":{"line":296,"column":0},"end":{"line":296,"column":16}},"296":{"start":{"line":297,"column":0},"end":{"line":297,"column":17}},"297":{"start":{"line":298,"column":0},"end":{"line":298,"column":17}},"298":{"start":{"line":299,"column":0},"end":{"line":299,"column":18}},"299":{"start":{"line":300,"column":0},"end":{"line":300,"column":2}}},"s":{"294":1,"295":1,"296":1,"297":1,"298":1,"299":1},"branchMap":{"0":{"type":"branch","line":299,"loc":{"start":{"line":299,"column":9},"end":{"line":299,"column":18}},"locations":[{"start":{"line":299,"column":9},"end":{"line":299,"column":18}}]}},"b":{"0":[5]},"fnMap":{"0":{"name":"log","decl":{"start":{"line":296,"column":7},"end":{"line":296,"column":16}},"loc":{"start":{"line":296,"column":7},"end":{"line":296,"column":16}},"line":296},"1":{"name":"info","decl":{"start":{"line":297,"column":8},"end":{"line":297,"column":17}},"loc":{"start":{"line":297,"column":8},"end":{"line":297,"column":17}},"line":297},"2":{"name":"warn","decl":{"start":{"line":298,"column":8},"end":{"line":298,"column":17}},"loc":{"start":{"line":298,"column":8},"end":{"line":298,"column":17}},"line":298},"3":{"name":"error","decl":{"start":{"line":299,"column":9},"end":{"line":299,"column":18}},"loc":{"start":{"line":299,"column":9},"end":{"line":299,"column":18}},"line":299}},"f":{"0":0,"1":0,"2":0,"3":5}}
,"/Users/calirvine/playground/tenon-ts/src/utils.ts": {"path":"/Users/calirvine/playground/tenon-ts/src/utils.ts","all":false,"statementMap":{"6":{"start":{"line":7,"column":0},"end":{"line":7,"column":51}},"7":{"start":{"line":8,"column":0},"end":{"line":8,"column":74}},"8":{"start":{"line":9,"column":0},"end":{"line":9,"column":75}},"9":{"start":{"line":10,"column":0},"end":{"line":10,"column":10}},"10":{"start":{"line":11,"column":0},"end":{"line":11,"column":9}},"11":{"start":{"line":12,"column":0},"end":{"line":12,"column":20}},"12":{"start":{"line":13,"column":0},"end":{"line":13,"column":13}},"13":{"start":{"line":14,"column":0},"end":{"line":14,"column":68}},"14":{"start":{"line":15,"column":0},"end":{"line":15,"column":18}},"15":{"start":{"line":16,"column":0},"end":{"line":16,"column":7}},"17":{"start":{"line":18,"column":0},"end":{"line":18,"column":1}},"26":{"start":{"line":27,"column":0},"end":{"line":27,"column":36}},"27":{"start":{"line":28,"column":0},"end":{"line":28,"column":22}},"28":{"start":{"line":29,"column":0},"end":{"line":29,"column":15}},"29":{"start":{"line":30,"column":0},"end":{"line":30,"column":11}},"30":{"start":{"line":31,"column":0},"end":{"line":31,"column":61}},"31":{"start":{"line":32,"column":0},"end":{"line":32,"column":13}},"32":{"start":{"line":33,"column":0},"end":{"line":33,"column":1}}},"s":{"6":1,"7":144,"8":144,"9":56,"10":56,"11":56,"12":56,"13":56,"14":56,"15":56,"17":56,"26":1,"27":61,"28":61,"29":61,"30":61,"31":61,"32":61},"branchMap":{"0":{"type":"branch","line":7,"loc":{"start":{"line":7,"column":7},"end":{"line":18,"column":1}},"locations":[{"start":{"line":7,"column":7},"end":{"line":18,"column":1}}]},"1":{"type":"branch","line":8,"loc":{"start":{"line":8,"column":47},"end":{"line":9,"column":33}},"locations":[{"start":{"line":8,"column":47},"end":{"line":9,"column":33}}]},"2":{"type":"branch","line":8,"loc":{"start":{"line":8,"column":47},"end":{"line":8,"column":74}},"locations":[{"start":{"line":8,"column":47},"end":{"line":8,"column":74}}]},"3":{"type":"branch","line":8,"loc":{"start":{"line":8,"column":72},"end":{"line":9,"column":33}},"locations":[{"start":{"line":8,"column":72},"end":{"line":9,"column":33}}]},"4":{"type":"branch","line":9,"loc":{"start":{"line":9,"column":26},"end":{"line":18,"column":1}},"locations":[{"start":{"line":9,"column":26},"end":{"line":18,"column":1}}]},"5":{"type":"branch","line":9,"loc":{"start":{"line":9,"column":26},"end":{"line":9,"column":75}},"locations":[{"start":{"line":9,"column":26},"end":{"line":9,"column":75}}]},"6":{"type":"branch","line":9,"loc":{"start":{"line":9,"column":71},"end":{"line":18,"column":1}},"locations":[{"start":{"line":9,"column":71},"end":{"line":18,"column":1}}]},"7":{"type":"branch","line":14,"loc":{"start":{"line":14,"column":11},"end":{"line":14,"column":67}},"locations":[{"start":{"line":14,"column":11},"end":{"line":14,"column":67}}]},"8":{"type":"branch","line":27,"loc":{"start":{"line":27,"column":7},"end":{"line":33,"column":1}},"locations":[{"start":{"line":27,"column":7},"end":{"line":33,"column":1}}]}},"b":{"0":[144],"1":[136],"2":[88],"3":[56],"4":[140],"5":[0],"6":[56],"7":[54],"8":[61]},"fnMap":{"0":{"name":"stableStringify","decl":{"start":{"line":7,"column":7},"end":{"line":18,"column":1}},"loc":{"start":{"line":7,"column":7},"end":{"line":18,"column":1}},"line":7},"1":{"name":"makeMatcherCacheKey","decl":{"start":{"line":27,"column":7},"end":{"line":33,"column":1}},"loc":{"start":{"line":27,"column":7},"end":{"line":33,"column":1}},"line":27}},"f":{"0":144,"1":61}}
,"/Users/calirvine/playground/tenon-ts/src/wrapMatchers.ts": {"path":"/Users/calirvine/playground/tenon-ts/src/wrapMatchers.ts","all":false,"statementMap":{"8":{"start":{"line":9,"column":0},"end":{"line":9,"column":63}},"9":{"start":{"line":10,"column":0},"end":{"line":10,"column":59}},"10":{"start":{"line":11,"column":0},"end":{"line":11,"column":72}},"11":{"start":{"line":12,"column":0},"end":{"line":12,"column":65}},"13":{"start":{"line":14,"column":0},"end":{"line":14,"column":29}},"16":{"start":{"line":17,"column":0},"end":{"line":17,"column":62}},"17":{"start":{"line":18,"column":0},"end":{"line":18,"column":69}},"19":{"start":{"line":20,"column":0},"end":{"line":20,"column":32}},"20":{"start":{"line":21,"column":0},"end":{"line":21,"column":38}},"21":{"start":{"line":22,"column":0},"end":{"line":22,"column":30}},"22":{"start":{"line":23,"column":0},"end":{"line":23,"column":60}},"23":{"start":{"line":24,"column":0},"end":{"line":24,"column":49}},"24":{"start":{"line":25,"column":0},"end":{"line":25,"column":49}},"25":{"start":{"line":26,"column":0},"end":{"line":26,"column":61}},"26":{"start":{"line":27,"column":0},"end":{"line":27,"column":51}},"27":{"start":{"line":28,"column":0},"end":{"line":28,"column":46}},"28":{"start":{"line":29,"column":0},"end":{"line":29,"column":23}},"29":{"start":{"line":30,"column":0},"end":{"line":30,"column":41}},"31":{"start":{"line":32,"column":0},"end":{"line":32,"column":68}},"33":{"start":{"line":34,"column":0},"end":{"line":34,"column":75}},"34":{"start":{"line":35,"column":0},"end":{"line":35,"column":37}},"35":{"start":{"line":36,"column":0},"end":{"line":36,"column":44}},"41":{"start":{"line":42,"column":0},"end":{"line":42,"column":21}},"42":{"start":{"line":43,"column":0},"end":{"line":43,"column":73}},"43":{"start":{"line":44,"column":0},"end":{"line":44,"column":26}},"44":{"start":{"line":45,"column":0},"end":{"line":45,"column":66}},"45":{"start":{"line":46,"column":0},"end":{"line":46,"column":37}},"46":{"start":{"line":47,"column":0},"end":{"line":47,"column":41}},"47":{"start":{"line":48,"column":0},"end":{"line":48,"column":17}},"49":{"start":{"line":50,"column":0},"end":{"line":50,"column":79}},"50":{"start":{"line":51,"column":0},"end":{"line":51,"column":58}},"51":{"start":{"line":52,"column":0},"end":{"line":52,"column":34}},"52":{"start":{"line":53,"column":0},"end":{"line":53,"column":45}},"53":{"start":{"line":54,"column":0},"end":{"line":54,"column":74}},"54":{"start":{"line":55,"column":0},"end":{"line":55,"column":27}},"55":{"start":{"line":56,"column":0},"end":{"line":56,"column":47}},"56":{"start":{"line":57,"column":0},"end":{"line":57,"column":32}},"57":{"start":{"line":58,"column":0},"end":{"line":58,"column":31}},"58":{"start":{"line":59,"column":0},"end":{"line":59,"column":21}},"59":{"start":{"line":60,"column":0},"end":{"line":60,"column":20}},"60":{"start":{"line":61,"column":0},"end":{"line":61,"column":17}},"61":{"start":{"line":62,"column":0},"end":{"line":62,"column":43}},"62":{"start":{"line":63,"column":0},"end":{"line":63,"column":34}},"63":{"start":{"line":64,"column":0},"end":{"line":64,"column":45}},"64":{"start":{"line":65,"column":0},"end":{"line":65,"column":77}},"65":{"start":{"line":66,"column":0},"end":{"line":66,"column":27}},"66":{"start":{"line":67,"column":0},"end":{"line":67,"column":47}},"67":{"start":{"line":68,"column":0},"end":{"line":68,"column":32}},"68":{"start":{"line":69,"column":0},"end":{"line":69,"column":31}},"69":{"start":{"line":70,"column":0},"end":{"line":70,"column":21}},"70":{"start":{"line":71,"column":0},"end":{"line":71,"column":20}},"71":{"start":{"line":72,"column":0},"end":{"line":72,"column":17}},"72":{"start":{"line":73,"column":0},"end":{"line":73,"column":34}},"73":{"start":{"line":74,"column":0},"end":{"line":74,"column":34}},"74":{"start":{"line":75,"column":0},"end":{"line":75,"column":65}},"75":{"start":{"line":76,"column":0},"end":{"line":76,"column":20}},"76":{"start":{"line":77,"column":0},"end":{"line":77,"column":54}},"77":{"start":{"line":78,"column":0},"end":{"line":78,"column":47}},"78":{"start":{"line":79,"column":0},"end":{"line":79,"column":67}},"79":{"start":{"line":80,"column":0},"end":{"line":80,"column":63}},"80":{"start":{"line":81,"column":0},"end":{"line":81,"column":17}},"81":{"start":{"line":82,"column":0},"end":{"line":82,"column":59}},"82":{"start":{"line":83,"column":0},"end":{"line":83,"column":41}},"83":{"start":{"line":84,"column":0},"end":{"line":84,"column":25}},"84":{"start":{"line":85,"column":0},"end":{"line":85,"column":43}},"85":{"start":{"line":86,"column":0},"end":{"line":86,"column":24}},"86":{"start":{"line":87,"column":0},"end":{"line":87,"column":30}},"87":{"start":{"line":88,"column":0},"end":{"line":88,"column":18}},"88":{"start":{"line":89,"column":0},"end":{"line":89,"column":60}},"92":{"start":{"line":93,"column":0},"end":{"line":93,"column":51}},"93":{"start":{"line":94,"column":0},"end":{"line":94,"column":24}},"94":{"start":{"line":95,"column":0},"end":{"line":95,"column":47}},"95":{"start":{"line":96,"column":0},"end":{"line":96,"column":27}},"96":{"start":{"line":97,"column":0},"end":{"line":97,"column":47}},"97":{"start":{"line":98,"column":0},"end":{"line":98,"column":29}},"98":{"start":{"line":99,"column":0},"end":{"line":99,"column":32}},"99":{"start":{"line":100,"column":0},"end":{"line":100,"column":23}},"100":{"start":{"line":101,"column":0},"end":{"line":101,"column":21}},"101":{"start":{"line":102,"column":0},"end":{"line":102,"column":18}},"102":{"start":{"line":103,"column":0},"end":{"line":103,"column":44}},"103":{"start":{"line":104,"column":0},"end":{"line":104,"column":35}},"104":{"start":{"line":105,"column":0},"end":{"line":105,"column":16}},"105":{"start":{"line":106,"column":0},"end":{"line":106,"column":30}},"106":{"start":{"line":107,"column":0},"end":{"line":107,"column":41}},"107":{"start":{"line":108,"column":0},"end":{"line":108,"column":27}},"108":{"start":{"line":109,"column":0},"end":{"line":109,"column":35}},"109":{"start":{"line":110,"column":0},"end":{"line":110,"column":17}},"110":{"start":{"line":111,"column":0},"end":{"line":111,"column":54}},"111":{"start":{"line":112,"column":0},"end":{"line":112,"column":15}},"112":{"start":{"line":113,"column":0},"end":{"line":113,"column":18}},"114":{"start":{"line":115,"column":0},"end":{"line":115,"column":37}},"115":{"start":{"line":116,"column":0},"end":{"line":116,"column":44}},"121":{"start":{"line":122,"column":0},"end":{"line":122,"column":21}},"122":{"start":{"line":123,"column":0},"end":{"line":123,"column":68}},"123":{"start":{"line":124,"column":0},"end":{"line":124,"column":66}},"124":{"start":{"line":125,"column":0},"end":{"line":125,"column":37}},"125":{"start":{"line":126,"column":0},"end":{"line":126,"column":41}},"126":{"start":{"line":127,"column":0},"end":{"line":127,"column":17}},"127":{"start":{"line":128,"column":0},"end":{"line":128,"column":79}},"128":{"start":{"line":129,"column":0},"end":{"line":129,"column":58}},"129":{"start":{"line":130,"column":0},"end":{"line":130,"column":34}},"130":{"start":{"line":131,"column":0},"end":{"line":131,"column":45}},"131":{"start":{"line":132,"column":0},"end":{"line":132,"column":74}},"132":{"start":{"line":133,"column":0},"end":{"line":133,"column":27}},"133":{"start":{"line":134,"column":0},"end":{"line":134,"column":47}},"134":{"start":{"line":135,"column":0},"end":{"line":135,"column":32}},"135":{"start":{"line":136,"column":0},"end":{"line":136,"column":31}},"136":{"start":{"line":137,"column":0},"end":{"line":137,"column":21}},"137":{"start":{"line":138,"column":0},"end":{"line":138,"column":20}},"138":{"start":{"line":139,"column":0},"end":{"line":139,"column":17}},"139":{"start":{"line":140,"column":0},"end":{"line":140,"column":43}},"140":{"start":{"line":141,"column":0},"end":{"line":141,"column":34}},"141":{"start":{"line":142,"column":0},"end":{"line":142,"column":45}},"142":{"start":{"line":143,"column":0},"end":{"line":143,"column":77}},"143":{"start":{"line":144,"column":0},"end":{"line":144,"column":27}},"144":{"start":{"line":145,"column":0},"end":{"line":145,"column":47}},"145":{"start":{"line":146,"column":0},"end":{"line":146,"column":32}},"146":{"start":{"line":147,"column":0},"end":{"line":147,"column":31}},"147":{"start":{"line":148,"column":0},"end":{"line":148,"column":21}},"148":{"start":{"line":149,"column":0},"end":{"line":149,"column":20}},"149":{"start":{"line":150,"column":0},"end":{"line":150,"column":17}},"150":{"start":{"line":151,"column":0},"end":{"line":151,"column":40}},"151":{"start":{"line":152,"column":0},"end":{"line":152,"column":25}},"152":{"start":{"line":153,"column":0},"end":{"line":153,"column":43}},"153":{"start":{"line":154,"column":0},"end":{"line":154,"column":24}},"154":{"start":{"line":155,"column":0},"end":{"line":155,"column":30}},"155":{"start":{"line":156,"column":0},"end":{"line":156,"column":18}},"156":{"start":{"line":157,"column":0},"end":{"line":157,"column":21}},"157":{"start":{"line":158,"column":0},"end":{"line":158,"column":62}},"161":{"start":{"line":162,"column":0},"end":{"line":162,"column":36}},"162":{"start":{"line":163,"column":0},"end":{"line":163,"column":66}},"163":{"start":{"line":164,"column":0},"end":{"line":164,"column":22}},"164":{"start":{"line":165,"column":0},"end":{"line":165,"column":26}},"165":{"start":{"line":166,"column":0},"end":{"line":166,"column":49}},"166":{"start":{"line":167,"column":0},"end":{"line":167,"column":29}},"167":{"start":{"line":168,"column":0},"end":{"line":168,"column":64}},"168":{"start":{"line":169,"column":0},"end":{"line":169,"column":46}},"169":{"start":{"line":170,"column":0},"end":{"line":170,"column":34}},"170":{"start":{"line":171,"column":0},"end":{"line":171,"column":25}},"171":{"start":{"line":172,"column":0},"end":{"line":172,"column":23}},"172":{"start":{"line":173,"column":0},"end":{"line":173,"column":20}},"173":{"start":{"line":174,"column":0},"end":{"line":174,"column":46}},"174":{"start":{"line":175,"column":0},"end":{"line":175,"column":37}},"175":{"start":{"line":176,"column":0},"end":{"line":176,"column":29}},"176":{"start":{"line":177,"column":0},"end":{"line":177,"column":34}},"177":{"start":{"line":178,"column":0},"end":{"line":178,"column":47}},"178":{"start":{"line":179,"column":0},"end":{"line":179,"column":27}},"179":{"start":{"line":180,"column":0},"end":{"line":180,"column":62}},"180":{"start":{"line":181,"column":0},"end":{"line":181,"column":44}},"181":{"start":{"line":182,"column":0},"end":{"line":182,"column":32}},"182":{"start":{"line":183,"column":0},"end":{"line":183,"column":23}},"183":{"start":{"line":184,"column":0},"end":{"line":184,"column":21}},"184":{"start":{"line":185,"column":0},"end":{"line":185,"column":20}},"185":{"start":{"line":186,"column":0},"end":{"line":186,"column":17}},"186":{"start":{"line":187,"column":0},"end":{"line":187,"column":16}},"187":{"start":{"line":188,"column":0},"end":{"line":188,"column":30}},"188":{"start":{"line":189,"column":0},"end":{"line":189,"column":41}},"189":{"start":{"line":190,"column":0},"end":{"line":190,"column":27}},"190":{"start":{"line":191,"column":0},"end":{"line":191,"column":35}},"191":{"start":{"line":192,"column":0},"end":{"line":192,"column":17}},"192":{"start":{"line":193,"column":0},"end":{"line":193,"column":15}},"193":{"start":{"line":194,"column":0},"end":{"line":194,"column":11}},"194":{"start":{"line":195,"column":0},"end":{"line":195,"column":43}},"195":{"start":{"line":196,"column":0},"end":{"line":196,"column":9}},"196":{"start":{"line":197,"column":0},"end":{"line":197,"column":23}},"197":{"start":{"line":198,"column":0},"end":{"line":198,"column":8}},"198":{"start":{"line":199,"column":0},"end":{"line":199,"column":12}},"199":{"start":{"line":200,"column":0},"end":{"line":200,"column":35}},"200":{"start":{"line":201,"column":0},"end":{"line":201,"column":46}},"201":{"start":{"line":202,"column":0},"end":{"line":202,"column":36}},"202":{"start":{"line":203,"column":0},"end":{"line":203,"column":39}},"204":{"start":{"line":205,"column":0},"end":{"line":205,"column":66}},"206":{"start":{"line":207,"column":0},"end":{"line":207,"column":73}},"207":{"start":{"line":208,"column":0},"end":{"line":208,"column":21}},"208":{"start":{"line":209,"column":0},"end":{"line":209,"column":42}},"213":{"start":{"line":214,"column":0},"end":{"line":214,"column":19}},"214":{"start":{"line":215,"column":0},"end":{"line":215,"column":75}},"215":{"start":{"line":216,"column":0},"end":{"line":216,"column":63}},"216":{"start":{"line":217,"column":0},"end":{"line":217,"column":35}},"217":{"start":{"line":218,"column":0},"end":{"line":218,"column":39}},"21
[...]
"column":23},"end":{"line":23,"column":59}},"locations":[{"start":{"line":23,"column":23},"end":{"line":23,"column":59}}]},"4":{"type":"branch","line":23,"loc":{"start":{"line":23,"column":59},"end":{"line":199,"column":11}},"locations":[{"start":{"line":23,"column":59},"end":{"line":199,"column":11}}]},"5":{"type":"branch","line":199,"loc":{"start":{"line":199,"column":4},"end":{"line":306,"column":5}},"locations":[{"start":{"line":199,"column":4},"end":{"line":306,"column":5}}]},"6":{"type":"branch","line":26,"loc":{"start":{"line":26,"column":39},"end":{"line":198,"column":8}},"locations":[{"start":{"line":26,"column":39},"end":{"line":198,"column":8}}]},"7":{"type":"branch","line":29,"loc":{"start":{"line":29,"column":22},"end":{"line":196,"column":9}},"locations":[{"start":{"line":29,"column":22},"end":{"line":196,"column":9}}]},"8":{"type":"branch","line":30,"loc":{"start":{"line":30,"column":40},"end":{"line":194,"column":11}},"locations":[{"start":{"line":30,"column":40},"end":{"line":194,"column":11}}]},"9":{"type":"branch","line":30,"loc":{"start":{"line":30,"column":40},"end":{"line":113,"column":17}},"locations":[{"start":{"line":30,"column":40},"end":{"line":113,"column":17}}]},"10":{"type":"branch","line":113,"loc":{"start":{"line":113,"column":10},"end":{"line":194,"column":11}},"locations":[{"start":{"line":113,"column":10},"end":{"line":194,"column":11}}]},"11":{"type":"branch","line":34,"loc":{"start":{"line":34,"column":14},"end":{"line":34,"column":73}},"locations":[{"start":{"line":34,"column":14},"end":{"line":34,"column":73}}]},"12":{"type":"branch","line":36,"loc":{"start":{"line":36,"column":33},"end":{"line":105,"column":16}},"locations":[{"start":{"line":36,"column":33},"end":{"line":105,"column":16}}]},"13":{"type":"branch","line":46,"loc":{"start":{"line":46,"column":36},"end":{"line":48,"column":17}},"locations":[{"start":{"line":46,"column":36},"end":{"line":48,"column":17}}]},"14":{"type":"branch","line":51,"loc":{"start":{"line":51,"column":32},"end":{"line":51,"column":57}},"locations":[{"start":{"line":51,"column":32},"end":{"line":51,"column":57}}]},"15":{"type":"branch","line":51,"loc":{"start":{"line":51,"column":57},"end":{"line":61,"column":17}},"locations":[{"start":{"line":51,"column":57},"end":{"line":61,"column":17}}]},"16":{"type":"branch","line":62,"loc":{"start":{"line":62,"column":42},"end":{"line":72,"column":17}},"locations":[{"start":{"line":62,"column":42},"end":{"line":72,"column":17}}]},"17":{"type":"branch","line":74,"loc":{"start":{"line":74,"column":18},"end":{"line":76,"column":20}},"locations":[{"start":{"line":74,"column":18},"end":{"line":76,"column":20}}]},"18":{"type":"branch","line":76,"loc":{"start":{"line":76,"column":18},"end":{"line":104,"column":35}},"locations":[{"start":{"line":76,"column":18},"end":{"line":104,"column":35}}]},"19":{"type":"branch","line":106,"loc":{"start":{"line":106,"column":22},"end":{"line":110,"column":17}},"locations":[{"start":{"line":106,"column":22},"end":{"line":110,"column":17}}]},"20":{"type":"branch","line":116,"loc":{"start":{"line":116,"column":33},"end":{"line":187,"column":16}},"locations":[{"start":{"line":116,"column":33},"end":{"line":187,"column":16}}]},"21":{"type":"branch","line":125,"loc":{"start":{"line":125,"column":36},"end":{"line":127,"column":17}},"locations":[{"start":{"line":125,"column":36},"end":{"line":127,"column":17}}]},"22":{"type":"branch","line":129,"loc":{"start":{"line":129,"column":32},"end":{"line":129,"column":57}},"locations":[{"start":{"line":129,"column":32},"end":{"line":129,"column":57}}]},"23":{"type":"branch","line":129,"loc":{"start":{"line":129,"column":57},"end":{"line":140,"column":42}},"locations":[{"start":{"line":129,"column":57},"end":{"line":140,"column":42}}]},"24":{"type":"branch","line":129,"loc":{"start":{"line":129,"column":57},"end":{"line":139,"column":17}},"locations":[{"start":{"line":129,"column":57},"end":{"line":139,"column":17}}]},"25":{"type":"branch","line":134,"loc":{"start":{"line":134,"column":22},"end":{"line":134,"column":47}},"locations":[{"start":{"line":134,"column":22},"end":{"line":134,"column":47}}]},"26":{"type":"branch","line":139,"loc":{"start":{"line":139,"column":16},"end":{"line":140,"column":42}},"locations":[{"start":{"line":139,"column":16},"end":{"line":140,"column":42}}]},"27":{"type":"branch","line":140,"loc":{"start":{"line":140,"column":42},"end":{"line":150,"column":17}},"locations":[{"start":{"line":140,"column":42},"end":{"line":150,"column":17}}]},"28":{"type":"branch","line":150,"loc":{"start":{"line":150,"column":16},"end":{"line":186,"column":17}},"locations":[{"start":{"line":150,"column":16},"end":{"line":186,"column":17}}]},"29":{"type":"branch","line":150,"loc":{"start":{"line":150,"column":16},"end":{"line":176,"column":25}},"locations":[{"start":{"line":150,"column":16},"end":{"line":176,"column":25}}]},"30":{"type":"branch","line":176,"loc":{"start":{"line":176,"column":16},"end":{"line":186,"column":17}},"locations":[{"start":{"line":176,"column":16},"end":{"line":186,"column":17}}]},"31":{"type":"branch","line":180,"loc":{"start":{"line":180,"column":37},"end":{"line":180,"column":62}},"locations":[{"start":{"line":180,"column":37},"end":{"line":180,"column":62}}]},"32":{"type":"branch","line":132,"loc":{"start":{"line":132,"column":40},"end":{"line":132,"column":61}},"locations":[{"start":{"line":132,"column":40},"end":{"line":132,"column":61}}]},"33":{"type":"branch","line":188,"loc":{"start":{"line":188,"column":22},"end":{"line":192,"column":17}},"locations":[{"start":{"line":188,"column":22},"end":{"line":192,"column":17}}]},"34":{"type":"branch","line":201,"loc":{"start":{"line":201,"column":39},"end":{"line":305,"column":8}},"locations":[{"start":{"line":201,"column":39},"end":{"line":305,"column":8}}]},"35":{"type":"branch","line":202,"loc":{"start":{"line":202,"column":21},"end":{"line":203,"column":38}},"locations":[{"start":{"line":202,"column":21},"end":{"line":203,"column":38}}]},"36":{"type":"branch","line":202,"loc":{"start":{"line":202,"column":21},"end":{"line":202,"column":36}},"locations":[{"start":{"line":202,"column":21},"end":{"line":202,"column":36}}]},"37":{"type":"branch","line":202,"loc":{"start":{"line":202,"column":28},"end":{"line":203,"column":38}},"locations":[{"start":{"line":202,"column":28},"end":{"line":203,"column":38}}]},"38":{"type":"branch","line":203,"loc":{"start":{"line":203,"column":38},"end":{"line":253,"column":15}},"locations":[{"start":{"line":203,"column":38},"end":{"line":253,"column":15}}]},"39":{"type":"branch","line":253,"loc":{"start":{"line":253,"column":8},"end":{"line":304,"column":23}},"locations":[{"start":{"line":253,"column":8},"end":{"line":304,"column":23}}]},"40":{"type":"branch","line":255,"loc":{"start":{"line":255,"column":31},"end":{"line":295,"column":14}},"locations":[{"start":{"line":255,"column":31},"end":{"line":295,"column":14}}]},"41":{"type":"branch","line":263,"loc":{"start":{"line":263,"column":34},"end":{"line":265,"column":15}},"locations":[{"start":{"line":263,"column":34},"end":{"line":265,"column":15}}]},"42":{"type":"branch","line":265,"loc":{"start":{"line":265,"column":14},"end":{"line":284,"column":23}},"locations":[{"start":{"line":265,"column":14},"end":{"line":284,"column":23}}]},"43":{"type":"branch","line":284,"loc":{"start":{"line":284,"column":14},"end":{"line":294,"column":15}},"locations":[{"start":{"line":284,"column":14},"end":{"line":294,"column":15}}]},"44":{"type":"branch","line":288,"loc":{"start":{"line":288,"column":35},"end":{"line":288,"column":60}},"locations":[{"start":{"line":288,"column":35},"end":{"line":288,"column":60}}]},"45":{"type":"branch","line":273,"loc":{"start":{"line":273,"column":18},"end":{"line":280,"column":21}},"locations":[{"start":{"line":273,"column":18},"end":{"line":280,"column":21}}]},"46":{"type":"branch","line":276,"loc":{"start":{"line":276,"column":37},"end":{"line":276,"column":62}},"locations":[{"start":{"line":276,"column":37},"end":{"line":276,"column":62}}]},"47":{"type":"branch","line":296,"loc":{"start":{"line":296,"column":20},"end":{"line":300,"column":15}},"locations":[{"start":{"line":296,"column":20},"end":{"line":300,"column":15}}]},"48":{"type":"branch","line":312,"loc":{"start":{"line":312,"column":0},"end":{"line":332,"column":1}},"locations":[{"start":{"line":312,"column":0},"end":{"line":332,"column":1}}]},"49":{"type":"branch","line":316,"loc":{"start":{"line":316,"column":35},"end":{"line":331,"column":3}},"locations":[{"start":{"line":316,"column":35},"end":{"line":331,"column":3}}]},"50":{"type":"branch","line":317,"loc":{"start":{"line":317,"column":61},"end":{"line":330,"column":5}},"locations":[{"start":{"line":317,"column":61},"end":{"line":330,"column":5}}]},"51":{"type":"branch","line":323,"loc":{"start":{"line":323,"column":60},"end":{"line":328,"column":9}},"locations":[{"start":{"line":323,"column":60},"end":{"line":328,"column":9}}]}},"b":{"0":[25],"1":[35],"2":[0],"3":[13],"4":[13],"5":[22],"6":[29],"7":[15],"8":[12],"9":[5],"10":[10],"11":[8],"12":[9],"13":[0],"14":[0],"15":[0],"16":[0],"17":[1],"18":[8],"19":[8],"20":[18],"21":[0],"22":[2],"23":[17],"24":[2],"25":[0],"26":[16],"27":[0],"28":[17],"29":[16],"30":[1],"31":[0],"32":[2],"33":[15],"34":[34],"35":[25],"36":[14],"37":[20],"38":[0],"39":[20],"40":[34],"41":[5],"42":[29],"43":[1],"44":[0],"45":[5],"46":[0],"47":[33],"48":[57],"49":[10],"50":[2],"51":[1]},"fnMap":{"0":{"name":"wrapMatchers","decl":{"start":{"line":14,"column":7},"end":{"line":309,"column":1}},"loc":{"start":{"line":14,"column":7},"end":{"line":309,"column":1}},"line":14},"1":{"name":"wrappedMatchers.<computed>","decl":{"start":{"line":26,"column":39},"end":{"line":198,"column":8}},"loc":{"start":{"line":26,"column":39},"end":{"line":198,"column":8}},"line":26},"2":{"name":"_evaluateInternal","decl":{"start":{"line":36,"column":33},"end":{"line":105,"column":16}},"loc":{"start":{"line":36,"column":33},"end":{"line":105,"column":16}},"line":36},"3":{"name":"toNode","decl":{"start":{"line":106,"column":22},"end":{"line":110,"column":17}},"loc":{"start":{"line":106,"column":22},"end":{"line":110,"column":17}},"line":106},"4":{"name":"_evaluateInternal","decl":{"start":{"line":116,"column":33},"end":{"line":187,"column":16}},"loc":{"start":{"line":116,"column":33},"end":{"line":187,"column":16}},"line":116},"5":{"name":"toNode","decl":{"start":{"line":188,"column":22},"end":{"line":192,"column":17}},"loc":{"start":{"line":188,"column":22},"end":{"line":192,"column":17}},"line":188},"6":{"name":"wrappedMatchers.<computed>","decl":{"start":{"line":201,"column":39},"end":{"line":305,"column":8}},"loc":{"start":{"line":201,"column":39},"end":{"line":305,"column":8}},"line":201},"7":{"name":"_evaluateInternal","decl":{"start":{"line":209,"column":31},"end":{"line":245,"column":14}},"loc":{"start":{"line":209,"column":31},"end":{"line":245,"column":14}},"line":209},"8":{"name":"toNode","decl":{"start":{"line":246,"column":20},"end":{"line":250,"column":15}},"loc":{"start":{"line":246,"column":20},"end":{"line":250,"column":15}},"line":246},"9":{"name":"_evaluateInternal","decl":{"start":{"line":255,"column":31},"end":{"line":295,"column":14}},"loc":{"start":{"line":255,"column":31},"end":{"line":295,"column":14}},"line":255},"10":{"name":"toNode","decl":{"start":{"line":296,"column":20},"end":{"line":300,"column":15}},"loc":{"start":{"line":296,"column":20},"end":{"line":300,"column":15}},"line":296},"11":{"name":"flushAllBatchQueues","decl":{"start":{"line":312,"column":0},"end":{"line":332,"column":1}},"loc":{"start":{"line":312,"column":0},"end":{"line":332,"column":1}},"line":312}},"f":{"0":25,"1":29,"2":9,"3":8,"4":18,"5":15,"6":34,"7":0,"8":0,"9":34,"10":33,"11":57}}
,"/Users/calirvine/playground/tenon-ts/src/internal/otel.ts": {"path":"/Users/calirvine/playground/tenon-ts/src/internal/otel.ts","all":false,"statementMap":{"0":{"start":{"line":1,"column":0},"end":{"line":1,"column":59}},"41":{"start":{"line":42,"column":0},"end":{"line":42,"column":36}},"42":{"start":{"line":43,"column":0},"end":{"line":43,"column":10}},"43":{"start":{"line":44,"column":0},"end":{"line":44,"column":48}},"44":{"start":{"line":45,"column":0},"end":{"line":45,"column":67}},"45":{"start":{"line":46,"column":0},"end":{"line":46,"column":1}},"47":{"start":{"line":48,"column":0},"end":{"line":48,"column":40}},"48":{"start":{"line":49,"column":0},"end":{"line":49,"column":57}},"49":{"start":{"line":50,"column":0},"end":{"line":50,"column":26}},"50":{"start":{"line":51,"column":0},"end":{"line":51,"column":3}},"51":{"start":{"line":52,"column":0},"end":{"line":52,"column":1}},"53":{"start":{"line":54,"column":0},"end":{"line":54,"column":44}},"55":{"start":{"line":56,"column":0},"end":{"line":56,"column":43}},"61":{"start":{"line":62,"column":0},"end":{"line":62,"column":41}},"62":{"start":{"line":63,"column":0},"end":{"line":63,"column":40}},"63":{"start":{"line":64,"column":0},"end":{"line":64,"column":7}},"64":{"start":{"line":65,"column":0},"end":{"line":65,"column":55}},"65":{"start":{"line":66,"column":0},"end":{"line":66,"column":20}},"66":{"start":{"line":67,"column":0},"end":{"line":67,"column":49}},"67":{"start":{"line":68,"column":0},"end":{"line":68,"column":66}},"68":{"start":{"line":69,"column":0},"end":{"line":69,"column":16}},"69":{"start":{"line":70,"column":0},"end":{"line":70,"column":32}},"70":{"start":{"line":71,"column":0},"end":{"line":71,"column":56}},"71":{"start":{"line":72,"column":0},"end":{"line":72,"column":60}},"72":{"start":{"line":73,"column":0},"end":{"line":73,"column":76}},"73":{"start":{"line":74,"column":0},"end":{"line":74,"column":35}},"74":{"start":{"line":75,"column":0},"end":{"line":75,"column":10}},"75":{"start":{"line":76,"column":0},"end":{"line":76,"column":8}},"76":{"start":{"line":77,"column":0},"end":{"line":77,"column":6}},"77":{"start":{"line":78,"column":0},"end":{"line":78,"column":24}},"78":{"start":{"line":79,"column":0},"end":{"line":79,"column":11}},"79":{"start":{"line":80,"column":0},"end":{"line":80,"column":38}},"80":{"start":{"line":81,"column":0},"end":{"line":81,"column":24}},"81":{"start":{"line":82,"column":0},"end":{"line":82,"column":3}},"82":{"start":{"line":83,"column":0},"end":{"line":83,"column":1}},"88":{"start":{"line":89,"column":0},"end":{"line":89,"column":45}},"89":{"start":{"line":90,"column":0},"end":{"line":90,"column":28}},"90":{"start":{"line":91,"column":0},"end":{"line":91,"column":1}},"97":{"start":{"line":98,"column":0},"end":{"line":98,"column":30}},"98":{"start":{"line":99,"column":0},"end":{"line":99,"column":45}},"99":{"start":{"line":100,"column":0},"end":{"line":100,"column":15}},"100":{"start":{"line":101,"column":0},"end":{"line":101,"column":45}},"101":{"start":{"line":102,"column":0},"end":{"line":102,"column":41}},"102":{"start":{"line":103,"column":0},"end":{"line":103,"column":19}},"103":{"start":{"line":104,"column":0},"end":{"line":104,"column":1}}},"s":{"0":1,"41":1,"42":1,"43":1,"44":1,"45":1,"47":1,"48":1,"49":96,"50":96,"51":1,"53":1,"55":1,"61":1,"62":2,"63":1,"64":1,"65":1,"66":1,"67":1,"68":1,"69":1,"70":1,"71":0,"72":1,"73":0,"74":1,"75":1,"76":1,"77":1,"78":2,"79":0,"80":0,"81":0,"82":2,"88":1,"89":43,"90":43,"97":1,"98":25,"99":25,"100":25,"101":25,"102":1,"103":1},"branchMap":{"0":{"type":"branch","line":43,"loc":{"start":{"line":43,"column":2},"end":{"line":43,"column":10}},"locations":[{"start":{"line":43,"column":2},"end":{"line":43,"column":10}}]},"1":{"type":"branch","line":44,"loc":{"start":{"line":44,"column":2},"end":{"line":44,"column":48}},"locations":[{"start":{"line":44,"column":2},"end":{"line":44,"column":48}}]},"2":{"type":"branch","line":45,"loc":{"start":{"line":45,"column":2},"end":{"line":45,"column":67}},"locations":[{"start":{"line":45,"column":2},"end":{"line":45,"column":67}}]},"3":{"type":"branch","line":49,"loc":{"start":{"line":49,"column":2},"end":{"line":51,"column":3}},"locations":[{"start":{"line":49,"column":2},"end":{"line":51,"column":3}}]},"4":{"type":"branch","line":62,"loc":{"start":{"line":62,"column":7},"end":{"line":83,"column":1}},"locations":[{"start":{"line":62,"column":7},"end":{"line":83,"column":1}}]},"5":{"type":"branch","line":63,"loc":{"start":{"line":63,"column":20},"end":{"line":79,"column":10}},"locations":[{"start":{"line":63,"column":20},"end":{"line":79,"column":10}}]},"6":{"type":"branch","line":79,"loc":{"start":{"line":79,"column":2},"end":{"line":82,"column":3}},"locations":[{"start":{"line":79,"column":2},"end":{"line":82,"column":3}}]},"7":{"type":"branch","line":67,"loc":{"start":{"line":67,"column":6},"end":{"line":76,"column":8}},"locations":[{"start":{"line":67,"column":6},"end":{"line":76,"column":8}}]},"8":{"type":"branch","line":89,"loc":{"start":{"line":89,"column":7},"end":{"line":91,"column":1}},"locations":[{"start":{"line":89,"column":7},"end":{"line":91,"column":1}}]},"9":{"type":"branch","line":98,"loc":{"start":{"line":98,"column":7},"end":{"line":104,"column":1}},"locations":[{"start":{"line":98,"column":7},"end":{"line":104,"column":1}}]},"10":{"type":"branch","line":101,"loc":{"start":{"line":101,"column":26},"end":{"line":101,"column":45}},"locations":[{"start":{"line":101,"column":26},"end":{"line":101,"column":45}}]},"11":{"type":"branch","line":101,"loc":{"start":{"line":101,"column":43},"end":{"line":102,"column":25}},"locations":[{"start":{"line":101,"column":43},"end":{"line":102,"column":25}}]},"12":{"type":"branch","line":102,"loc":{"start":{"line":102,"column":18},"end":{"line":102,"column":41}},"locations":[{"start":{"line":102,"column":18},"end":{"line":102,"column":41}}]},"13":{"type":"branch","line":102,"loc":{"start":{"line":102,"column":39},"end":{"line":104,"column":1}},"locations":[{"start":{"line":102,"column":39},"end":{"line":104,"column":1}}]}},"b":{"0":[96],"1":[253],"2":[23],"3":[96],"4":[2],"5":[1],"6":[0],"7":[1],"8":[43],"9":[25],"10":[1],"11":[24],"12":[23],"13":[1]},"fnMap":{"0":{"name":"end","decl":{"start":{"line":43,"column":2},"end":{"line":43,"column":10}},"loc":{"start":{"line":43,"column":2},"end":{"line":43,"column":10}},"line":43},"1":{"name":"setAttribute","decl":{"start":{"line":44,"column":2},"end":{"line":44,"column":48}},"loc":{"start":{"line":44,"column":2},"end":{"line":44,"column":48}},"line":44},"2":{"name":"setStatus","decl":{"start":{"line":45,"column":2},"end":{"line":45,"column":67}},"loc":{"start":{"line":45,"column":2},"end":{"line":45,"column":67}},"line":45},"3":{"name":"startSpan","decl":{"start":{"line":49,"column":2},"end":{"line":51,"column":3}},"loc":{"start":{"line":49,"column":2},"end":{"line":51,"column":3}},"line":49},"4":{"name":"getTracer","decl":{"start":{"line":62,"column":7},"end":{"line":83,"column":1}},"loc":{"start":{"line":62,"column":7},"end":{"line":83,"column":1}},"line":62},"5":{"name":"startSpan","decl":{"start":{"line":67,"column":6},"end":{"line":76,"column":8}},"loc":{"start":{"line":67,"column":6},"end":{"line":76,"column":8}},"line":67},"6":{"name":"end","decl":{"start":{"line":70,"column":15},"end":{"line":70,"column":32}},"loc":{"start":{"line":70,"column":15},"end":{"line":70,"column":32}},"line":70},"7":{"name":"setAttribute","decl":{"start":{"line":71,"column":24},"end":{"line":72,"column":60}},"loc":{"start":{"line":71,"column":24},"end":{"line":72,"column":60}},"line":71},"8":{"name":"setStatus","decl":{"start":{"line":73,"column":21},"end":{"line":74,"column":35}},"loc":{"start":{"line":73,"column":21},"end":{"line":74,"column":35}},"line":73},"9":{"name":"getNoopTracer","decl":{"start":{"line":89,"column":7},"end":{"line":91,"column":1}},"loc":{"start":{"line":89,"column":7},"end":{"line":91,"column":1}},"line":89},"10":{"name":"resolveTracer","decl":{"start":{"line":98,"column":7},"end":{"line":104,"column":1}},"loc":{"start":{"line":98,"column":7},"end":{"line":104,"column":1}},"line":98}},"f":{"0":96,"1":253,"2":23,"3":96,"4":2,"5":1,"6":0,"7":0,"8":0,"9":43,"10":25}}
}
